[2023-08-09 13:48:30] –¢–µ–∫—Å—Ç –æ—à–∏–±–∫–∏: –ù–∞ –Ω–∞–π–¥–µ–Ω –≤–∏–¥ C:\Projects\LuxuryWatchesPHP/app/views/Category/view.php | –§–∞–π–ª: C:\Projects\LuxuryWatchesPHP\vendor\shop\core\base\View.php | –°—Ç—Ä–æ–∫–∞: 32
~~~~~~~~~~~~~~~~~~~~~~~
[2023-08-09 13:55:33] –¢–µ–∫—Å—Ç –æ—à–∏–±–∫–∏: –ù–∞ –Ω–∞–π–¥–µ–Ω –≤–∏–¥ C:\Projects\LuxuryWatchesPHP/app/views/Category/view.php | –§–∞–π–ª: C:\Projects\LuxuryWatchesPHP\vendor\shop\core\base\View.php | –°—Ç—Ä–æ–∫–∞: 32
~~~~~~~~~~~~~~~~~~~~~~~
[2023-08-09 13:55:34] –¢–µ–∫—Å—Ç –æ—à–∏–±–∫–∏: –ù–∞ –Ω–∞–π–¥–µ–Ω –≤–∏–¥ C:\Projects\LuxuryWatchesPHP/app/views/Category/view.php | –§–∞–π–ª: C:\Projects\LuxuryWatchesPHP\vendor\shop\core\base\View.php | –°—Ç—Ä–æ–∫–∞: 32
~~~~~~~~~~~~~~~~~~~~~~~
[2023-08-09 14:19:56] –¢–µ–∫—Å—Ç –æ—à–∏–±–∫–∏: –ù–∞ –Ω–∞–π–¥–µ–Ω –≤–∏–¥ C:\Projects\LuxuryWatchesPHP/app/views/Search/typeahead.php | –§–∞–π–ª: C:\Projects\LuxuryWatchesPHP\vendor\shop\core\base\View.php | –°—Ç—Ä–æ–∫–∞: 32
~~~~~~~~~~~~~~~~~~~~~~~
[2023-08-09 16:24:37] –¢–µ–∫—Å—Ç –æ—à–∏–±–∫–∏: SQLSTATE[42S22]: Column not found: 1054 Unknown column 'category_id' in 'where clause' | –§–∞–π–ª: C:\Projects\LuxuryWatchesPHP\vendor\shop\core\Db.php | –°—Ç—Ä–æ–∫–∞: 19
~~~~~~~~~~~~~~~~~~~~~~~
[2023-08-09 16:24:38] –¢–µ–∫—Å—Ç –æ—à–∏–±–∫–∏: SQLSTATE[42S22]: Column not found: 1054 Unknown column 'category_id' in 'where clause' | –§–∞–π–ª: C:\Projects\LuxuryWatchesPHP\vendor\shop\core\Db.php | –°—Ç—Ä–æ–∫–∞: 19
~~~~~~~~~~~~~~~~~~~~~~~
[2023-08-09 16:24:40] –¢–µ–∫—Å—Ç –æ—à–∏–±–∫–∏: SQLSTATE[42S22]: Column not found: 1054 Unknown column 'category_id' in 'where clause' | –§–∞–π–ª: C:\Projects\LuxuryWatchesPHP\vendor\shop\core\Db.php | –°—Ç—Ä–æ–∫–∞: 19
~~~~~~~~~~~~~~~~~~~~~~~
[2023-08-09 16:24:41] –¢–µ–∫—Å—Ç –æ—à–∏–±–∫–∏: SQLSTATE[42S22]: Column not found: 1054 Unknown column 'category_id' in 'where clause' | –§–∞–π–ª: C:\Projects\LuxuryWatchesPHP\vendor\shop\core\Db.php | –°—Ç—Ä–æ–∫–∞: 19
~~~~~~~~~~~~~~~~~~~~~~~
[2023-08-09 16:24:50] –¢–µ–∫—Å—Ç –æ—à–∏–±–∫–∏: SQLSTATE[42S22]: Column not found: 1054 Unknown column 'category_id' in 'where clause' | –§–∞–π–ª: C:\Projects\LuxuryWatchesPHP\vendor\shop\core\Db.php | –°—Ç—Ä–æ–∫–∞: 19
~~~~~~~~~~~~~~~~~~~~~~~
[2023-08-09 16:25:32] –¢–µ–∫—Å—Ç –æ—à–∏–±–∫–∏: SQLSTATE[42S22]: Column not found: 1054 Unknown column 'category_id' in 'where clause' | –§–∞–π–ª: C:\Projects\LuxuryWatchesPHP\vendor\shop\core\Db.php | –°—Ç—Ä–æ–∫–∞: 19
~~~~~~~~~~~~~~~~~~~~~~~
[2023-08-09 16:25:33] –¢–µ–∫—Å—Ç –æ—à–∏–±–∫–∏: SQLSTATE[42S22]: Column not found: 1054 Unknown column 'category_id' in 'where clause' | –§–∞–π–ª: C:\Projects\LuxuryWatchesPHP\vendor\shop\core\Db.php | –°—Ç—Ä–æ–∫–∞: 19
~~~~~~~~~~~~~~~~~~~~~~~
[2023-08-09 16:25:36] –¢–µ–∫—Å—Ç –æ—à–∏–±–∫–∏: SQLSTATE[42S22]: Column not found: 1054 Unknown column 'category_id' in 'where clause' | –§–∞–π–ª: C:\Projects\LuxuryWatchesPHP\vendor\shop\core\Db.php | –°—Ç—Ä–æ–∫–∞: 19
~~~~~~~~~~~~~~~~~~~~~~~
[2023-08-09 16:33:27] –¢–µ–∫—Å—Ç –æ—à–∏–±–∫–∏: SQLSTATE[HY000]: General error: No fetch-into object specified. | –§–∞–π–ª: C:\Projects\LuxuryWatchesPHP\vendor\shop\core\Db.php | –°—Ç—Ä–æ–∫–∞: 20
~~~~~~~~~~~~~~~~~~~~~~~
[2023-08-09 16:33:29] –¢–µ–∫—Å—Ç –æ—à–∏–±–∫–∏: SQLSTATE[HY000]: General error: No fetch-into object specified. | –§–∞–π–ª: C:\Projects\LuxuryWatchesPHP\vendor\shop\core\Db.php | –°—Ç—Ä–æ–∫–∞: 20
~~~~~~~~~~~~~~~~~~~~~~~
[2023-08-09 16:36:40] –¢–µ–∫—Å—Ç –æ—à–∏–±–∫–∏: SQLSTATE[HY000]: General error: No fetch class specified | –§–∞–π–ª: C:\Projects\LuxuryWatchesPHP\vendor\shop\core\Db.php | –°—Ç—Ä–æ–∫–∞: 20
~~~~~~~~~~~~~~~~~~~~~~~
[2023-08-09 20:53:55] –¢–µ–∫—Å—Ç –æ—à–∏–±–∫–∏: Cannot use object of type app\models\User as array | –§–∞–π–ª: C:\Projects\LuxuryWatchesPHP\app\controllers\UserController.php | –°—Ç—Ä–æ–∫–∞: 11
~~~~~~~~~~~~~~~~~~~~~~~
[2023-08-09 20:54:02] –¢–µ–∫—Å—Ç –æ—à–∏–±–∫–∏: Cannot use object of type app\models\User as array | –§–∞–π–ª: C:\Projects\LuxuryWatchesPHP\app\controllers\UserController.php | –°—Ç—Ä–æ–∫–∞: 11
~~~~~~~~~~~~~~~~~~~~~~~
[2023-08-09 21:09:10] –¢–µ–∫—Å—Ç –æ—à–∏–±–∫–∏: –ù–µ —É–¥–∞–ª–æ—Å—å —Å–≤—è–∑–∞—Ç—å –ø–∞—Ä–∞–º–µ—Ç—Ä—ã PDO   SQLSTATE[42S02]: Base table or view not found: 1146 Table 'watches_shop.members' doesn't exist | –§–∞–π–ª: C:\Projects\LuxuryWatchesPHP\vendor\shop\core\Db.php | –°—Ç—Ä–æ–∫–∞: 41
~~~~~~~~~~~~~~~~~~~~~~~
[2023-08-09 21:09:29] –¢–µ–∫—Å—Ç –æ—à–∏–±–∫–∏: –ù–µ —É–¥–∞–ª–æ—Å—å —Å–≤—è–∑–∞—Ç—å –ø–∞—Ä–∞–º–µ—Ç—Ä—ã PDO   SQLSTATE[21S01]: Insert value list does not match column list: 1136 Column count doesn't match value count at row 1 | –§–∞–π–ª: C:\Projects\LuxuryWatchesPHP\vendor\shop\core\Db.php | –°—Ç—Ä–æ–∫–∞: 41
~~~~~~~~~~~~~~~~~~~~~~~
[2023-08-09 21:10:24] –¢–µ–∫—Å—Ç –æ—à–∏–±–∫–∏: –ù–µ —É–¥–∞–ª–æ—Å—å —Å–≤—è–∑–∞—Ç—å –ø–∞—Ä–∞–º–µ—Ç—Ä—ã PDO   SQLSTATE[21S01]: Insert value list does not match column list: 1136 Column count doesn't match value count at row 1 | –§–∞–π–ª: C:\Projects\LuxuryWatchesPHP\vendor\shop\core\Db.php | –°—Ç—Ä–æ–∫–∞: 41
~~~~~~~~~~~~~~~~~~~~~~~
[2023-08-09 21:14:10] –¢–µ–∫—Å—Ç –æ—à–∏–±–∫–∏: –ù–µ —É–¥–∞–ª–æ—Å—å —Å–≤—è–∑–∞—Ç—å –ø–∞—Ä–∞–º–µ—Ç—Ä—ã PDO   SQLSTATE[21S01]: Insert value list does not match column list: 1136 Column count doesn't match value count at row 1 | –§–∞–π–ª: C:\Projects\LuxuryWatchesPHP\vendor\shop\core\Db.php | –°—Ç—Ä–æ–∫–∞: 42
~~~~~~~~~~~~~~~~~~~~~~~
[2023-08-09 21:14:11] –¢–µ–∫—Å—Ç –æ—à–∏–±–∫–∏: –ù–µ —É–¥–∞–ª–æ—Å—å —Å–≤—è–∑–∞—Ç—å –ø–∞—Ä–∞–º–µ—Ç—Ä—ã PDO   SQLSTATE[21S01]: Insert value list does not match column list: 1136 Column count doesn't match value count at row 1 | –§–∞–π–ª: C:\Projects\LuxuryWatchesPHP\vendor\shop\core\Db.php | –°—Ç—Ä–æ–∫–∞: 42
~~~~~~~~~~~~~~~~~~~~~~~
[2023-08-09 21:14:16] –¢–µ–∫—Å—Ç –æ—à–∏–±–∫–∏: –ù–µ —É–¥–∞–ª–æ—Å—å —Å–≤—è–∑–∞—Ç—å –ø–∞—Ä–∞–º–µ—Ç—Ä—ã PDO   SQLSTATE[21S01]: Insert value list does not match column list: 1136 Column count doesn't match value count at row 1 | –§–∞–π–ª: C:\Projects\LuxuryWatchesPHP\vendor\shop\core\Db.php | –°—Ç—Ä–æ–∫–∞: 43
~~~~~~~~~~~~~~~~~~~~~~~
[2023-08-09 21:16:58] –¢–µ–∫—Å—Ç –æ—à–∏–±–∫–∏: –ù–µ —É–¥–∞–ª–æ—Å—å —Å–≤—è–∑–∞—Ç—å –ø–∞—Ä–∞–º–µ—Ç—Ä—ã PDO   SQLSTATE[23000]: Integrity constraint violation: 1062 Duplicate entry '2fsf' for key 'user.login' | –§–∞–π–ª: C:\Projects\LuxuryWatchesPHP\vendor\shop\core\Db.php | –°—Ç—Ä–æ–∫–∞: 43
~~~~~~~~~~~~~~~~~~~~~~~
[2023-08-09 21:17:25] –¢–µ–∫—Å—Ç –æ—à–∏–±–∫–∏: –ù–µ —É–¥–∞–ª–æ—Å—å —Å–≤—è–∑–∞—Ç—å –ø–∞—Ä–∞–º–µ—Ç—Ä—ã PDO   SQLSTATE[23000]: Integrity constraint violation: 1062 Duplicate entry '151@ma.s' for key 'user.email' | –§–∞–π–ª: C:\Projects\LuxuryWatchesPHP\vendor\shop\core\Db.php | –°—Ç—Ä–æ–∫–∞: 43
~~~~~~~~~~~~~~~~~~~~~~~
[2023-08-09 21:24:54] –¢–µ–∫—Å—Ç –æ—à–∏–±–∫–∏: Error with adding new user | –§–∞–π–ª: C:\Projects\LuxuryWatchesPHP\app\controllers\UserController.php | –°—Ç—Ä–æ–∫–∞: 23
~~~~~~~~~~~~~~~~~~~~~~~
[2023-08-09 21:44:15] –¢–µ–∫—Å—Ç –æ—à–∏–±–∫–∏: Error with adding new user | –§–∞–π–ª: C:\Projects\LuxuryWatchesPHP\app\controllers\UserController.php | –°—Ç—Ä–æ–∫–∞: 22
~~~~~~~~~~~~~~~~~~~~~~~
[2023-08-09 21:45:15] –¢–µ–∫—Å—Ç –æ—à–∏–±–∫–∏: Error with adding new user | –§–∞–π–ª: C:\Projects\LuxuryWatchesPHP\app\controllers\UserController.php | –°—Ç—Ä–æ–∫–∞: 22
~~~~~~~~~~~~~~~~~~~~~~~
[2023-08-09 21:53:39] –¢–µ–∫—Å—Ç –æ—à–∏–±–∫–∏: Wrong arrguments | –§–∞–π–ª: C:\Projects\LuxuryWatchesPHP\app\controllers\UserController.php | –°—Ç—Ä–æ–∫–∞: 26
~~~~~~~~~~~~~~~~~~~~~~~
[2023-08-09 22:01:39] –¢–µ–∫—Å—Ç –æ—à–∏–±–∫–∏: Wrong arrguments | –§–∞–π–ª: C:\Projects\LuxuryWatchesPHP\app\controllers\UserController.php | –°—Ç—Ä–æ–∫–∞: 26
~~~~~~~~~~~~~~~~~~~~~~~
[2023-08-09 22:03:11] –¢–µ–∫—Å—Ç –æ—à–∏–±–∫–∏: Wrong arrguments | –§–∞–π–ª: C:\Projects\LuxuryWatchesPHP\app\controllers\UserController.php | –°—Ç—Ä–æ–∫–∞: 26
~~~~~~~~~~~~~~~~~~~~~~~
[2023-08-09 22:03:39] –¢–µ–∫—Å—Ç –æ—à–∏–±–∫–∏: Wrong arrguments | –§–∞–π–ª: C:\Projects\LuxuryWatchesPHP\app\controllers\UserController.php | –°—Ç—Ä–æ–∫–∞: 26
~~~~~~~~~~~~~~~~~~~~~~~
[2023-08-09 22:04:42] –¢–µ–∫—Å—Ç –æ—à–∏–±–∫–∏: Wrong arrguments | –§–∞–π–ª: C:\Projects\LuxuryWatchesPHP\app\controllers\UserController.php | –°—Ç—Ä–æ–∫–∞: 26
~~~~~~~~~~~~~~~~~~~~~~~
[2023-08-09 22:05:15] –¢–µ–∫—Å—Ç –æ—à–∏–±–∫–∏: Wrong arrguments | –§–∞–π–ª: C:\Projects\LuxuryWatchesPHP\app\controllers\UserController.php | –°—Ç—Ä–æ–∫–∞: 26
~~~~~~~~~~~~~~~~~~~~~~~
[2023-08-09 22:05:26] –¢–µ–∫—Å—Ç –æ—à–∏–±–∫–∏: Wrong arrguments | –§–∞–π–ª: C:\Projects\LuxuryWatchesPHP\app\controllers\UserController.php | –°—Ç—Ä–æ–∫–∞: 26
~~~~~~~~~~~~~~~~~~~~~~~
[2023-08-09 22:05:43] –¢–µ–∫—Å—Ç –æ—à–∏–±–∫–∏: Wrong arrguments | –§–∞–π–ª: C:\Projects\LuxuryWatchesPHP\app\controllers\UserController.php | –°—Ç—Ä–æ–∫–∞: 26
~~~~~~~~~~~~~~~~~~~~~~~
[2023-08-09 22:06:15] –¢–µ–∫—Å—Ç –æ—à–∏–±–∫–∏: Wrong arrguments | –§–∞–π–ª: C:\Projects\LuxuryWatchesPHP\app\controllers\UserController.php | –°—Ç—Ä–æ–∫–∞: 26
~~~~~~~~~~~~~~~~~~~~~~~
[2023-08-09 22:06:56] –¢–µ–∫—Å—Ç –æ—à–∏–±–∫–∏: Wrong arrguments | –§–∞–π–ª: C:\Projects\LuxuryWatchesPHP\app\controllers\UserController.php | –°—Ç—Ä–æ–∫–∞: 26
~~~~~~~~~~~~~~~~~~~~~~~
[2023-08-09 22:07:36] –¢–µ–∫—Å—Ç –æ—à–∏–±–∫–∏: Wrong arrguments | –§–∞–π–ª: C:\Projects\LuxuryWatchesPHP\app\controllers\UserController.php | –°—Ç—Ä–æ–∫–∞: 27
~~~~~~~~~~~~~~~~~~~~~~~
[2023-08-09 22:07:39] –¢–µ–∫—Å—Ç –æ—à–∏–±–∫–∏: Wrong arrguments | –§–∞–π–ª: C:\Projects\LuxuryWatchesPHP\app\controllers\UserController.php | –°—Ç—Ä–æ–∫–∞: 27
~~~~~~~~~~~~~~~~~~~~~~~
[2023-08-09 22:07:50] –¢–µ–∫—Å—Ç –æ—à–∏–±–∫–∏: Wrong arrguments | –§–∞–π–ª: C:\Projects\LuxuryWatchesPHP\app\controllers\UserController.php | –°—Ç—Ä–æ–∫–∞: 27
~~~~~~~~~~~~~~~~~~~~~~~
[2023-08-09 22:07:51] –¢–µ–∫—Å—Ç –æ—à–∏–±–∫–∏: Wrong arrguments | –§–∞–π–ª: C:\Projects\LuxuryWatchesPHP\app\controllers\UserController.php | –°—Ç—Ä–æ–∫–∞: 27
~~~~~~~~~~~~~~~~~~~~~~~
[2023-08-09 22:09:06] –¢–µ–∫—Å—Ç –æ—à–∏–±–∫–∏: Wrong arrguments | –§–∞–π–ª: C:\Projects\LuxuryWatchesPHP\app\controllers\UserController.php | –°—Ç—Ä–æ–∫–∞: 27
~~~~~~~~~~~~~~~~~~~~~~~
[2023-08-09 22:09:39] –¢–µ–∫—Å—Ç –æ—à–∏–±–∫–∏: Wrong arrguments | –§–∞–π–ª: C:\Projects\LuxuryWatchesPHP\app\controllers\UserController.php | –°—Ç—Ä–æ–∫–∞: 27
~~~~~~~~~~~~~~~~~~~~~~~
[2023-08-09 22:10:07] –¢–µ–∫—Å—Ç –æ—à–∏–±–∫–∏: Wrong arrguments | –§–∞–π–ª: C:\Projects\LuxuryWatchesPHP\app\controllers\UserController.php | –°—Ç—Ä–æ–∫–∞: 26
~~~~~~~~~~~~~~~~~~~~~~~
[2023-08-09 22:11:30] –¢–µ–∫—Å—Ç –æ—à–∏–±–∫–∏: Error with adding new user | –§–∞–π–ª: C:\Projects\LuxuryWatchesPHP\app\controllers\UserController.php | –°—Ç—Ä–æ–∫–∞: 23
~~~~~~~~~~~~~~~~~~~~~~~
[2023-08-09 22:11:33] –¢–µ–∫—Å—Ç –æ—à–∏–±–∫–∏: Error with adding new user | –§–∞–π–ª: C:\Projects\LuxuryWatchesPHP\app\controllers\UserController.php | –°—Ç—Ä–æ–∫–∞: 23
~~~~~~~~~~~~~~~~~~~~~~~
[2023-08-09 22:19:22] –¢–µ–∫—Å—Ç –æ—à–∏–±–∫–∏: Wrong arrguments | –§–∞–π–ª: C:\Projects\LuxuryWatchesPHP\app\controllers\UserController.php | –°—Ç—Ä–æ–∫–∞: 26
~~~~~~~~~~~~~~~~~~~~~~~
[2023-08-09 22:19:34] –¢–µ–∫—Å—Ç –æ—à–∏–±–∫–∏: Error with adding new user | –§–∞–π–ª: C:\Projects\LuxuryWatchesPHP\app\controllers\UserController.php | –°—Ç—Ä–æ–∫–∞: 23
~~~~~~~~~~~~~~~~~~~~~~~
[2023-08-09 22:20:02] –¢–µ–∫—Å—Ç –æ—à–∏–±–∫–∏: Wrong arrguments | –§–∞–π–ª: C:\Projects\LuxuryWatchesPHP\app\controllers\UserController.php | –°—Ç—Ä–æ–∫–∞: 26
~~~~~~~~~~~~~~~~~~~~~~~
[2023-08-11 10:41:11] –¢–µ–∫—Å—Ç –æ—à–∏–±–∫–∏: Method app\controllers\UserController::signinAction not found | –§–∞–π–ª: C:\Projects\LuxuryWatchesPHP\vendor\shop\core\router.php | –°—Ç—Ä–æ–∫–∞: 27
~~~~~~~~~~~~~~~~~~~~~~~
[2023-08-11 10:41:27] –¢–µ–∫—Å—Ç –æ—à–∏–±–∫–∏: –ù–∞ –Ω–∞–π–¥–µ–Ω –≤–∏–¥ C:\Projects\LuxuryWatchesPHP/app/views/User/signin.php | –§–∞–π–ª: C:\Projects\LuxuryWatchesPHP\vendor\shop\core\base\View.php | –°—Ç—Ä–æ–∫–∞: 32
~~~~~~~~~~~~~~~~~~~~~~~
[2023-08-11 10:50:48] –¢–µ–∫—Å—Ç –æ—à–∏–±–∫–∏: Controller app\controllers\LoginController not found | –§–∞–π–ª: C:\Projects\LuxuryWatchesPHP\vendor\shop\core\router.php | –°—Ç—Ä–æ–∫–∞: 30
~~~~~~~~~~~~~~~~~~~~~~~
[2023-08-11 10:50:56] –¢–µ–∫—Å—Ç –æ—à–∏–±–∫–∏: Controller app\controllers\SigninController not found | –§–∞–π–ª: C:\Projects\LuxuryWatchesPHP\vendor\shop\core\router.php | –°—Ç—Ä–æ–∫–∞: 30
~~~~~~~~~~~~~~~~~~~~~~~
[2023-08-11 10:51:14] –¢–µ–∫—Å—Ç –æ—à–∏–±–∫–∏: Method app\controllers\UserController::loginAction not found | –§–∞–π–ª: C:\Projects\LuxuryWatchesPHP\vendor\shop\core\router.php | –°—Ç—Ä–æ–∫–∞: 27
~~~~~~~~~~~~~~~~~~~~~~~
[2023-08-11 10:51:50] –¢–µ–∫—Å—Ç –æ—à–∏–±–∫–∏: Method app\controllers\UserController::loginAction not found | –§–∞–π–ª: C:\Projects\LuxuryWatchesPHP\vendor\shop\core\router.php | –°—Ç—Ä–æ–∫–∞: 27
~~~~~~~~~~~~~~~~~~~~~~~
[2023-08-11 10:54:09] –¢–µ–∫—Å—Ç –æ—à–∏–±–∫–∏: Method app\controllers\UserController::luxuryWatchesPHPAction not found | –§–∞–π–ª: C:\Projects\LuxuryWatchesPHP\vendor\shop\core\router.php | –°—Ç—Ä–æ–∫–∞: 27
~~~~~~~~~~~~~~~~~~~~~~~
[2023-08-11 10:54:19] –¢–µ–∫—Å—Ç –æ—à–∏–±–∫–∏: Method app\controllers\UserController::luxuryWatchesPHPAction not found | –§–∞–π–ª: C:\Projects\LuxuryWatchesPHP\vendor\shop\core\router.php | –°—Ç—Ä–æ–∫–∞: 27
~~~~~~~~~~~~~~~~~~~~~~~
[2023-08-11 10:54:47] –¢–µ–∫—Å—Ç –æ—à–∏–±–∫–∏: Method app\controllers\UserController::indexAction not found | –§–∞–π–ª: C:\Projects\LuxuryWatchesPHP\vendor\shop\core\router.php | –°—Ç—Ä–æ–∫–∞: 27
~~~~~~~~~~~~~~~~~~~~~~~
[2023-08-11 10:55:06] –¢–µ–∫—Å—Ç –æ—à–∏–±–∫–∏: Method app\controllers\UserController::indexAction not found | –§–∞–π–ª: C:\Projects\LuxuryWatchesPHP\vendor\shop\core\router.php | –°—Ç—Ä–æ–∫–∞: 27
~~~~~~~~~~~~~~~~~~~~~~~
[2023-08-11 10:55:07] –¢–µ–∫—Å—Ç –æ—à–∏–±–∫–∏: Method app\controllers\UserController::indexAction not found | –§–∞–π–ª: C:\Projects\LuxuryWatchesPHP\vendor\shop\core\router.php | –°—Ç—Ä–æ–∫–∞: 27
~~~~~~~~~~~~~~~~~~~~~~~
[2023-08-11 10:56:38] –¢–µ–∫—Å—Ç –æ—à–∏–±–∫–∏: Method app\controllers\UserController::publicAction not found | –§–∞–π–ª: C:\Projects\LuxuryWatchesPHP\vendor\shop\core\router.php | –°—Ç—Ä–æ–∫–∞: 27
~~~~~~~~~~~~~~~~~~~~~~~
[2023-08-12 10:02:35] –¢–µ–∫—Å—Ç –æ—à–∏–±–∫–∏: Page not found | –§–∞–π–ª: X:\PROJECTS\LuxuryWatchesPHP\vendor\shop\core\router.php | –°—Ç—Ä–æ–∫–∞: 33
~~~~~~~~~~~~~~~~~~~~~~~
[2023-08-12 10:03:27] –¢–µ–∫—Å—Ç –æ—à–∏–±–∫–∏: Page not found | –§–∞–π–ª: X:\PROJECTS\LuxuryWatchesPHP\vendor\shop\core\router.php | –°—Ç—Ä–æ–∫–∞: 33
~~~~~~~~~~~~~~~~~~~~~~~
[2023-08-12 10:03:31] –¢–µ–∫—Å—Ç –æ—à–∏–±–∫–∏: Page not found | –§–∞–π–ª: X:\PROJECTS\LuxuryWatchesPHP\vendor\shop\core\router.php | –°—Ç—Ä–æ–∫–∞: 33
~~~~~~~~~~~~~~~~~~~~~~~
[2023-08-12 12:19:46] –¢–µ–∫—Å—Ç –æ—à–∏–±–∫–∏: –ù–∞ –Ω–∞–π–¥–µ–Ω –≤–∏–¥ X:\PROJECTS\LuxuryWatchesPHP/app/views/Cart/checkout.php | –§–∞–π–ª: X:\PROJECTS\LuxuryWatchesPHP\vendor\shop\core\base\View.php | –°—Ç—Ä–æ–∫–∞: 32
~~~~~~~~~~~~~~~~~~~~~~~
[2023-08-12 13:16:38] –¢–µ–∫—Å—Ç –æ—à–∏–±–∫–∏: syntax error, unexpected ')', expecting '|' or variable (T_VARIABLE) | –§–∞–π–ª: X:\PROJECTS\LuxuryWatchesPHP\app\models\Order.php | –°—Ç—Ä–æ–∫–∞: 22
~~~~~~~~~~~~~~~~~~~~~~~
[2023-08-12 13:27:29] –¢–µ–∫—Å—Ç –æ—à–∏–±–∫–∏: Controller app\controllers\CartController not found | –§–∞–π–ª: X:\PROJECTS\LuxuryWatchesPHP\vendor\shop\core\router.php | –°—Ç—Ä–æ–∫–∞: 30
~~~~~~~~~~~~~~~~~~~~~~~
[2023-08-12 13:33:08] –¢–µ–∫—Å—Ç –æ—à–∏–±–∫–∏: Function name must be a string | –§–∞–π–ª: X:\PROJECTS\LuxuryWatchesPHP\app\models\Order.php | –°—Ç—Ä–æ–∫–∞: 19
~~~~~~~~~~~~~~~~~~~~~~~
[2023-08-12 13:33:10] –¢–µ–∫—Å—Ç –æ—à–∏–±–∫–∏: Function name must be a string | –§–∞–π–ª: X:\PROJECTS\LuxuryWatchesPHP\app\models\Order.php | –°—Ç—Ä–æ–∫–∞: 19
~~~~~~~~~~~~~~~~~~~~~~~
[2023-08-12 14:27:49] –¢–µ–∫—Å—Ç –æ—à–∏–±–∫–∏: There is no active transaction | –§–∞–π–ª: C:\Projects\LuxuryWatchesPHP\vendor\shop\core\Db.php | –°—Ç—Ä–æ–∫–∞: 53
~~~~~~~~~~~~~~~~~~~~~~~
[2023-08-12 14:29:07] –¢–µ–∫—Å—Ç –æ—à–∏–±–∫–∏: There is no active transaction | –§–∞–π–ª: C:\Projects\LuxuryWatchesPHP\vendor\shop\core\Db.php | –°—Ç—Ä–æ–∫–∞: 53
~~~~~~~~~~~~~~~~~~~~~~~
[2023-08-12 14:29:11] –¢–µ–∫—Å—Ç –æ—à–∏–±–∫–∏: There is no active transaction | –§–∞–π–ª: C:\Projects\LuxuryWatchesPHP\vendor\shop\core\Db.php | –°—Ç—Ä–æ–∫–∞: 53
~~~~~~~~~~~~~~~~~~~~~~~
[2023-08-12 14:29:58] –¢–µ–∫—Å—Ç –æ—à–∏–±–∫–∏: There is no active transaction | –§–∞–π–ª: C:\Projects\LuxuryWatchesPHP\vendor\shop\core\Db.php | –°—Ç—Ä–æ–∫–∞: 53
~~~~~~~~~~~~~~~~~~~~~~~
[2023-08-12 14:30:25] –¢–µ–∫—Å—Ç –æ—à–∏–±–∫–∏: There is no active transaction | –§–∞–π–ª: C:\Projects\LuxuryWatchesPHP\vendor\shop\core\Db.php | –°—Ç—Ä–æ–∫–∞: 53
~~~~~~~~~~~~~~~~~~~~~~~
[2023-08-12 14:30:29] –¢–µ–∫—Å—Ç –æ—à–∏–±–∫–∏: There is no active transaction | –§–∞–π–ª: C:\Projects\LuxuryWatchesPHP\vendor\shop\core\Db.php | –°—Ç—Ä–æ–∫–∞: 53
~~~~~~~~~~~~~~~~~~~~~~~
[2023-08-13 05:05:08] –¢–µ–∫—Å—Ç –æ—à–∏–±–∫–∏: syntax error, unexpected 'static' (T_STATIC) | –§–∞–π–ª: C:\Projects\LuxuryWatchesPHP\vendor\symfony\mailer\Transport\AbstractTransport.php | –°—Ç—Ä–æ–∫–∞: 49
~~~~~~~~~~~~~~~~~~~~~~~
[2023-08-13 05:06:23] –¢–µ–∫—Å—Ç –æ—à–∏–±–∫–∏: syntax error, unexpected 'static' (T_STATIC) | –§–∞–π–ª: C:\Projects\LuxuryWatchesPHP\vendor\symfony\mailer\Transport\AbstractTransport.php | –°—Ç—Ä–æ–∫–∞: 49
~~~~~~~~~~~~~~~~~~~~~~~
[2023-08-13 05:37:31] –¢–µ–∫—Å—Ç –æ—à–∏–±–∫–∏: Process could not be started: ë®·‚•¨• ≠• „§†•‚·Ô ≠†©‚® „™†ß†≠≠Î© Ø„‚Ï.
 | –§–∞–π–ª: C:\Projects\LuxuryWatchesPHP\vendor\symfony\mailer\Transport\Smtp\Stream\ProcessStream.php | –°—Ç—Ä–æ–∫–∞: 44
~~~~~~~~~~~~~~~~~~~~~~~
[2023-08-13 05:38:45] –¢–µ–∫—Å—Ç –æ—à–∏–±–∫–∏: Process could not be started: ë®·‚•¨• ≠• „§†•‚·Ô ≠†©‚® „™†ß†≠≠Î© Ø„‚Ï.
 | –§–∞–π–ª: C:\Projects\LuxuryWatchesPHP\vendor\symfony\mailer\Transport\Smtp\Stream\ProcessStream.php | –°—Ç—Ä–æ–∫–∞: 44
~~~~~~~~~~~~~~~~~~~~~~~
[2023-08-13 06:41:57] –¢–µ–∫—Å—Ç –æ—à–∏–±–∫–∏: syntax error, unexpected ':', expecting ')' | –§–∞–π–ª: C:\Projects\LuxuryWatchesPHP\app\models\Order.php | –°—Ç—Ä–æ–∫–∞: 44
~~~~~~~~~~~~~~~~~~~~~~~
[2023-08-13 07:00:01] –¢–µ–∫—Å—Ç –æ—à–∏–±–∫–∏: Method app\controllers\UserController::changeEmailAction not found | –§–∞–π–ª: C:\Projects\LuxuryWatchesPHP\vendor\shop\core\router.php | –°—Ç—Ä–æ–∫–∞: 27
~~~~~~~~~~~~~~~~~~~~~~~
[2023-08-13 07:00:41] –¢–µ–∫—Å—Ç –æ—à–∏–±–∫–∏: –ù–∞ –Ω–∞–π–¥–µ–Ω –≤–∏–¥ C:\Projects\LuxuryWatchesPHP/app/views/User/changeEmail.php | –§–∞–π–ª: C:\Projects\LuxuryWatchesPHP\vendor\shop\core\base\View.php | –°—Ç—Ä–æ–∫–∞: 32
~~~~~~~~~~~~~~~~~~~~~~~
[2023-08-13 07:30:58] –¢–µ–∫—Å—Ç –æ—à–∏–±–∫–∏: syntax error, unexpected ')', expecting '|' or variable (T_VARIABLE) | –§–∞–π–ª: C:\Projects\LuxuryWatchesPHP\app\controllers\UserController.php | –°—Ç—Ä–æ–∫–∞: 59
~~~~~~~~~~~~~~~~~~~~~~~
[2023-08-13 07:39:00] –¢–µ–∫—Å—Ç –æ—à–∏–±–∫–∏: Email "John" does not comply with addr-spec of RFC 2822. | –§–∞–π–ª: C:\Projects\LuxuryWatchesPHP\vendor\symfony\mime\Address.php | –°—Ç—Ä–æ–∫–∞: 56
~~~~~~~~~~~~~~~~~~~~~~~
[2023-08-13 15:52:33] –¢–µ–∫—Å—Ç –æ—à–∏–±–∫–∏: Page not found | –§–∞–π–ª: C:\Projects\LuxuryWatchesPHP\vendor\shop\core\router.php | –°—Ç—Ä–æ–∫–∞: 33
~~~~~~~~~~~~~~~~~~~~~~~
[2023-08-13 15:53:18] –¢–µ–∫—Å—Ç –æ—à–∏–±–∫–∏: Page not found | –§–∞–π–ª: C:\Projects\LuxuryWatchesPHP\vendor\shop\core\router.php | –°—Ç—Ä–æ–∫–∞: 33
~~~~~~~~~~~~~~~~~~~~~~~
[2023-08-13 15:53:37] –¢–µ–∫—Å—Ç –æ—à–∏–±–∫–∏: Page not found | –§–∞–π–ª: C:\Projects\LuxuryWatchesPHP\vendor\shop\core\router.php | –°—Ç—Ä–æ–∫–∞: 33
~~~~~~~~~~~~~~~~~~~~~~~
[2023-08-13 15:53:42] –¢–µ–∫—Å—Ç –æ—à–∏–±–∫–∏: Page not found | –§–∞–π–ª: C:\Projects\LuxuryWatchesPHP\vendor\shop\core\router.php | –°—Ç—Ä–æ–∫–∞: 33
~~~~~~~~~~~~~~~~~~~~~~~
[2023-08-13 15:53:42] –¢–µ–∫—Å—Ç –æ—à–∏–±–∫–∏: Page not found | –§–∞–π–ª: C:\Projects\LuxuryWatchesPHP\vendor\shop\core\router.php | –°—Ç—Ä–æ–∫–∞: 33
~~~~~~~~~~~~~~~~~~~~~~~
[2023-08-13 15:54:15] –¢–µ–∫—Å—Ç –æ—à–∏–±–∫–∏: Page not found | –§–∞–π–ª: C:\Projects\LuxuryWatchesPHP\vendor\shop\core\router.php | –°—Ç—Ä–æ–∫–∞: 33
~~~~~~~~~~~~~~~~~~~~~~~
[2023-08-13 15:54:15] –¢–µ–∫—Å—Ç –æ—à–∏–±–∫–∏: Page not found | –§–∞–π–ª: C:\Projects\LuxuryWatchesPHP\vendor\shop\core\router.php | –°—Ç—Ä–æ–∫–∞: 33
~~~~~~~~~~~~~~~~~~~~~~~
[2023-08-13 15:54:15] –¢–µ–∫—Å—Ç –æ—à–∏–±–∫–∏: Page not found | –§–∞–π–ª: C:\Projects\LuxuryWatchesPHP\vendor\shop\core\router.php | –°—Ç—Ä–æ–∫–∞: 33
~~~~~~~~~~~~~~~~~~~~~~~
[2023-08-13 15:54:58] –¢–µ–∫—Å—Ç –æ—à–∏–±–∫–∏: Page not found | –§–∞–π–ª: C:\Projects\LuxuryWatchesPHP\vendor\shop\core\router.php | –°—Ç—Ä–æ–∫–∞: 33
~~~~~~~~~~~~~~~~~~~~~~~
[2023-08-13 15:54:59] –¢–µ–∫—Å—Ç –æ—à–∏–±–∫–∏: Page not found | –§–∞–π–ª: C:\Projects\LuxuryWatchesPHP\vendor\shop\core\router.php | –°—Ç—Ä–æ–∫–∞: 33
~~~~~~~~~~~~~~~~~~~~~~~
[2023-08-13 15:54:59] –¢–µ–∫—Å—Ç –æ—à–∏–±–∫–∏: Page not found | –§–∞–π–ª: C:\Projects\LuxuryWatchesPHP\vendor\shop\core\router.php | –°—Ç—Ä–æ–∫–∞: 33
~~~~~~~~~~~~~~~~~~~~~~~
[2023-08-13 15:55:04] –¢–µ–∫—Å—Ç –æ—à–∏–±–∫–∏: Page not found | –§–∞–π–ª: C:\Projects\LuxuryWatchesPHP\vendor\shop\core\router.php | –°—Ç—Ä–æ–∫–∞: 33
~~~~~~~~~~~~~~~~~~~~~~~
[2023-08-13 15:55:04] –¢–µ–∫—Å—Ç –æ—à–∏–±–∫–∏: Page not found | –§–∞–π–ª: C:\Projects\LuxuryWatchesPHP\vendor\shop\core\router.php | –°—Ç—Ä–æ–∫–∞: 33
~~~~~~~~~~~~~~~~~~~~~~~
[2023-08-13 15:55:04] –¢–µ–∫—Å—Ç –æ—à–∏–±–∫–∏: Page not found | –§–∞–π–ª: C:\Projects\LuxuryWatchesPHP\vendor\shop\core\router.php | –°—Ç—Ä–æ–∫–∞: 33
~~~~~~~~~~~~~~~~~~~~~~~
[2023-08-13 18:41:26] –¢–µ–∫—Å—Ç –æ—à–∏–±–∫–∏: Controller app\controllers\admin\MainController not found | –§–∞–π–ª: C:\Projects\LuxuryWatchesPHP\vendor\shop\core\router.php | –°—Ç—Ä–æ–∫–∞: 30
~~~~~~~~~~~~~~~~~~~~~~~
[2023-08-13 19:29:07] –¢–µ–∫—Å—Ç –æ—à–∏–±–∫–∏: Page not found | –§–∞–π–ª: C:\Projects\LuxuryWatchesPHP\vendor\shop\core\router.php | –°—Ç—Ä–æ–∫–∞: 33
~~~~~~~~~~~~~~~~~~~~~~~
[2023-08-13 19:29:07] –¢–µ–∫—Å—Ç –æ—à–∏–±–∫–∏: Page not found | –§–∞–π–ª: C:\Projects\LuxuryWatchesPHP\vendor\shop\core\router.php | –°—Ç—Ä–æ–∫–∞: 33
~~~~~~~~~~~~~~~~~~~~~~~
[2023-08-13 19:29:07] –¢–µ–∫—Å—Ç –æ—à–∏–±–∫–∏: Page not found | –§–∞–π–ª: C:\Projects\LuxuryWatchesPHP\vendor\shop\core\router.php | –°—Ç—Ä–æ–∫–∞: 33
~~~~~~~~~~~~~~~~~~~~~~~
[2023-08-13 19:29:07] –¢–µ–∫—Å—Ç –æ—à–∏–±–∫–∏: Page not found | –§–∞–π–ª: C:\Projects\LuxuryWatchesPHP\vendor\shop\core\router.php | –°—Ç—Ä–æ–∫–∞: 33
~~~~~~~~~~~~~~~~~~~~~~~
[2023-08-13 19:29:07] –¢–µ–∫—Å—Ç –æ—à–∏–±–∫–∏: Page not found | –§–∞–π–ª: C:\Projects\LuxuryWatchesPHP\vendor\shop\core\router.php | –°—Ç—Ä–æ–∫–∞: 33
~~~~~~~~~~~~~~~~~~~~~~~
[2023-08-13 19:29:07] –¢–µ–∫—Å—Ç –æ—à–∏–±–∫–∏: Page not found | –§–∞–π–ª: C:\Projects\LuxuryWatchesPHP\vendor\shop\core\router.php | –°—Ç—Ä–æ–∫–∞: 33
~~~~~~~~~~~~~~~~~~~~~~~
[2023-08-13 19:29:07] –¢–µ–∫—Å—Ç –æ—à–∏–±–∫–∏: Page not found | –§–∞–π–ª: C:\Projects\LuxuryWatchesPHP\vendor\shop\core\router.php | –°—Ç—Ä–æ–∫–∞: 33
~~~~~~~~~~~~~~~~~~~~~~~
[2023-08-13 19:29:07] –¢–µ–∫—Å—Ç –æ—à–∏–±–∫–∏: Page not found | –§–∞–π–ª: C:\Projects\LuxuryWatchesPHP\vendor\shop\core\router.php | –°—Ç—Ä–æ–∫–∞: 33
~~~~~~~~~~~~~~~~~~~~~~~
[2023-08-13 19:29:07] –¢–µ–∫—Å—Ç –æ—à–∏–±–∫–∏: Page not found | –§–∞–π–ª: C:\Projects\LuxuryWatchesPHP\vendor\shop\core\router.php | –°—Ç—Ä–æ–∫–∞: 33
~~~~~~~~~~~~~~~~~~~~~~~
[2023-08-13 19:29:07] –¢–µ–∫—Å—Ç –æ—à–∏–±–∫–∏: Page not found | –§–∞–π–ª: C:\Projects\LuxuryWatchesPHP\vendor\shop\core\router.php | –°—Ç—Ä–æ–∫–∞: 33
~~~~~~~~~~~~~~~~~~~~~~~
[2023-08-13 19:29:07] –¢–µ–∫—Å—Ç –æ—à–∏–±–∫–∏: Page not found | –§–∞–π–ª: C:\Projects\LuxuryWatchesPHP\vendor\shop\core\router.php | –°—Ç—Ä–æ–∫–∞: 33
~~~~~~~~~~~~~~~~~~~~~~~
[2023-08-13 19:29:07] –¢–µ–∫—Å—Ç –æ—à–∏–±–∫–∏: Page not found | –§–∞–π–ª: C:\Projects\LuxuryWatchesPHP\vendor\shop\core\router.php | –°—Ç—Ä–æ–∫–∞: 33
~~~~~~~~~~~~~~~~~~~~~~~
[2023-08-13 19:29:07] –¢–µ–∫—Å—Ç –æ—à–∏–±–∫–∏: Page not found | –§–∞–π–ª: C:\Projects\LuxuryWatchesPHP\vendor\shop\core\router.php | –°—Ç—Ä–æ–∫–∞: 33
~~~~~~~~~~~~~~~~~~~~~~~
[2023-08-13 19:29:07] –¢–µ–∫—Å—Ç –æ—à–∏–±–∫–∏: Page not found | –§–∞–π–ª: C:\Projects\LuxuryWatchesPHP\vendor\shop\core\router.php | –°—Ç—Ä–æ–∫–∞: 33
~~~~~~~~~~~~~~~~~~~~~~~
[2023-08-13 19:29:07] –¢–µ–∫—Å—Ç –æ—à–∏–±–∫–∏: Page not found | –§–∞–π–ª: C:\Projects\LuxuryWatchesPHP\vendor\shop\core\router.php | –°—Ç—Ä–æ–∫–∞: 33
~~~~~~~~~~~~~~~~~~~~~~~
[2023-08-13 19:29:07] –¢–µ–∫—Å—Ç –æ—à–∏–±–∫–∏: Page not found | –§–∞–π–ª: C:\Projects\LuxuryWatchesPHP\vendor\shop\core\router.php | –°—Ç—Ä–æ–∫–∞: 33
~~~~~~~~~~~~~~~~~~~~~~~
[2023-08-13 19:29:07] –¢–µ–∫—Å—Ç –æ—à–∏–±–∫–∏: Page not found | –§–∞–π–ª: C:\Projects\LuxuryWatchesPHP\vendor\shop\core\router.php | –°—Ç—Ä–æ–∫–∞: 33
~~~~~~~~~~~~~~~~~~~~~~~
[2023-08-13 19:29:07] –¢–µ–∫—Å—Ç –æ—à–∏–±–∫–∏: Page not found | –§–∞–π–ª: C:\Projects\LuxuryWatchesPHP\vendor\shop\core\router.php | –°—Ç—Ä–æ–∫–∞: 33
~~~~~~~~~~~~~~~~~~~~~~~
[2023-08-13 19:29:07] –¢–µ–∫—Å—Ç –æ—à–∏–±–∫–∏: Page not found | –§–∞–π–ª: C:\Projects\LuxuryWatchesPHP\vendor\shop\core\router.php | –°—Ç—Ä–æ–∫–∞: 33
~~~~~~~~~~~~~~~~~~~~~~~
[2023-08-13 19:29:07] –¢–µ–∫—Å—Ç –æ—à–∏–±–∫–∏: Page not found | –§–∞–π–ª: C:\Projects\LuxuryWatchesPHP\vendor\shop\core\router.php | –°—Ç—Ä–æ–∫–∞: 33
~~~~~~~~~~~~~~~~~~~~~~~
[2023-08-13 19:29:07] –¢–µ–∫—Å—Ç –æ—à–∏–±–∫–∏: Page not found | –§–∞–π–ª: C:\Projects\LuxuryWatchesPHP\vendor\shop\core\router.php | –°—Ç—Ä–æ–∫–∞: 33
~~~~~~~~~~~~~~~~~~~~~~~
[2023-08-13 19:29:07] –¢–µ–∫—Å—Ç –æ—à–∏–±–∫–∏: Page not found | –§–∞–π–ª: C:\Projects\LuxuryWatchesPHP\vendor\shop\core\router.php | –°—Ç—Ä–æ–∫–∞: 33
~~~~~~~~~~~~~~~~~~~~~~~
[2023-08-13 19:29:07] –¢–µ–∫—Å—Ç –æ—à–∏–±–∫–∏: Page not found | –§–∞–π–ª: C:\Projects\LuxuryWatchesPHP\vendor\shop\core\router.php | –°—Ç—Ä–æ–∫–∞: 33
~~~~~~~~~~~~~~~~~~~~~~~
[2023-08-13 19:29:07] –¢–µ–∫—Å—Ç –æ—à–∏–±–∫–∏: Page not found | –§–∞–π–ª: C:\Projects\LuxuryWatchesPHP\vendor\shop\core\router.php | –°—Ç—Ä–æ–∫–∞: 33
~~~~~~~~~~~~~~~~~~~~~~~
[2023-08-13 19:29:07] –¢–µ–∫—Å—Ç –æ—à–∏–±–∫–∏: Page not found | –§–∞–π–ª: C:\Projects\LuxuryWatchesPHP\vendor\shop\core\router.php | –°—Ç—Ä–æ–∫–∞: 33
~~~~~~~~~~~~~~~~~~~~~~~
[2023-08-13 19:29:07] –¢–µ–∫—Å—Ç –æ—à–∏–±–∫–∏: Page not found | –§–∞–π–ª: C:\Projects\LuxuryWatchesPHP\vendor\shop\core\router.php | –°—Ç—Ä–æ–∫–∞: 33
~~~~~~~~~~~~~~~~~~~~~~~
[2023-08-13 19:29:07] –¢–µ–∫—Å—Ç –æ—à–∏–±–∫–∏: Page not found | –§–∞–π–ª: C:\Projects\LuxuryWatchesPHP\vendor\shop\core\router.php | –°—Ç—Ä–æ–∫–∞: 33
~~~~~~~~~~~~~~~~~~~~~~~
[2023-08-13 19:29:07] –¢–µ–∫—Å—Ç –æ—à–∏–±–∫–∏: Page not found | –§–∞–π–ª: C:\Projects\LuxuryWatchesPHP\vendor\shop\core\router.php | –°—Ç—Ä–æ–∫–∞: 33
~~~~~~~~~~~~~~~~~~~~~~~
[2023-08-13 19:29:07] –¢–µ–∫—Å—Ç –æ—à–∏–±–∫–∏: Page not found | –§–∞–π–ª: C:\Projects\LuxuryWatchesPHP\vendor\shop\core\router.php | –°—Ç—Ä–æ–∫–∞: 33
~~~~~~~~~~~~~~~~~~~~~~~
[2023-08-13 19:29:07] –¢–µ–∫—Å—Ç –æ—à–∏–±–∫–∏: Page not found | –§–∞–π–ª: C:\Projects\LuxuryWatchesPHP\vendor\shop\core\router.php | –°—Ç—Ä–æ–∫–∞: 33
~~~~~~~~~~~~~~~~~~~~~~~
[2023-08-13 19:29:07] –¢–µ–∫—Å—Ç –æ—à–∏–±–∫–∏: Page not found | –§–∞–π–ª: C:\Projects\LuxuryWatchesPHP\vendor\shop\core\router.php | –°—Ç—Ä–æ–∫–∞: 33
~~~~~~~~~~~~~~~~~~~~~~~
[2023-08-13 19:29:07] –¢–µ–∫—Å—Ç –æ—à–∏–±–∫–∏: Page not found | –§–∞–π–ª: C:\Projects\LuxuryWatchesPHP\vendor\shop\core\router.php | –°—Ç—Ä–æ–∫–∞: 33
~~~~~~~~~~~~~~~~~~~~~~~
[2023-08-13 19:30:36] –¢–µ–∫—Å—Ç –æ—à–∏–±–∫–∏: Page not found | –§–∞–π–ª: C:\Projects\LuxuryWatchesPHP\vendor\shop\core\router.php | –°—Ç—Ä–æ–∫–∞: 33
~~~~~~~~~~~~~~~~~~~~~~~
[2023-08-13 19:30:36] –¢–µ–∫—Å—Ç –æ—à–∏–±–∫–∏: Page not found | –§–∞–π–ª: C:\Projects\LuxuryWatchesPHP\vendor\shop\core\router.php | –°—Ç—Ä–æ–∫–∞: 33
~~~~~~~~~~~~~~~~~~~~~~~
[2023-08-13 19:30:36] –¢–µ–∫—Å—Ç –æ—à–∏–±–∫–∏: Page not found | –§–∞–π–ª: C:\Projects\LuxuryWatchesPHP\vendor\shop\core\router.php | –°—Ç—Ä–æ–∫–∞: 33
~~~~~~~~~~~~~~~~~~~~~~~
[2023-08-13 19:30:36] –¢–µ–∫—Å—Ç –æ—à–∏–±–∫–∏: Page not found | –§–∞–π–ª: C:\Projects\LuxuryWatchesPHP\vendor\shop\core\router.php | –°—Ç—Ä–æ–∫–∞: 33
~~~~~~~~~~~~~~~~~~~~~~~
[2023-08-13 19:30:36] –¢–µ–∫—Å—Ç –æ—à–∏–±–∫–∏: Page not found | –§–∞–π–ª: C:\Projects\LuxuryWatchesPHP\vendor\shop\core\router.php | –°—Ç—Ä–æ–∫–∞: 33
~~~~~~~~~~~~~~~~~~~~~~~
[2023-08-13 19:30:36] –¢–µ–∫—Å—Ç –æ—à–∏–±–∫–∏: Page not found | –§–∞–π–ª: C:\Projects\LuxuryWatchesPHP\vendor\shop\core\router.php | –°—Ç—Ä–æ–∫–∞: 33
~~~~~~~~~~~~~~~~~~~~~~~
[2023-08-13 19:30:36] –¢–µ–∫—Å—Ç –æ—à–∏–±–∫–∏: Page not found | –§–∞–π–ª: C:\Projects\LuxuryWatchesPHP\vendor\shop\core\router.php | –°—Ç—Ä–æ–∫–∞: 33
~~~~~~~~~~~~~~~~~~~~~~~
[2023-08-13 19:30:36] –¢–µ–∫—Å—Ç –æ—à–∏–±–∫–∏: Page not found | –§–∞–π–ª: C:\Projects\LuxuryWatchesPHP\vendor\shop\core\router.php | –°—Ç—Ä–æ–∫–∞: 33
~~~~~~~~~~~~~~~~~~~~~~~
[2023-08-13 19:30:36] –¢–µ–∫—Å—Ç –æ—à–∏–±–∫–∏: Page not found | –§–∞–π–ª: C:\Projects\LuxuryWatchesPHP\vendor\shop\core\router.php | –°—Ç—Ä–æ–∫–∞: 33
~~~~~~~~~~~~~~~~~~~~~~~
[2023-08-13 19:30:36] –¢–µ–∫—Å—Ç –æ—à–∏–±–∫–∏: Page not found | –§–∞–π–ª: C:\Projects\LuxuryWatchesPHP\vendor\shop\core\router.php | –°—Ç—Ä–æ–∫–∞: 33
~~~~~~~~~~~~~~~~~~~~~~~
[2023-08-13 19:30:36] –¢–µ–∫—Å—Ç –æ—à–∏–±–∫–∏: Page not found | –§–∞–π–ª: C:\Projects\LuxuryWatchesPHP\vendor\shop\core\router.php | –°—Ç—Ä–æ–∫–∞: 33
~~~~~~~~~~~~~~~~~~~~~~~
[2023-08-13 19:30:36] –¢–µ–∫—Å—Ç –æ—à–∏–±–∫–∏: Page not found | –§–∞–π–ª: C:\Projects\LuxuryWatchesPHP\vendor\shop\core\router.php | –°—Ç—Ä–æ–∫–∞: 33
~~~~~~~~~~~~~~~~~~~~~~~
[2023-08-13 19:30:36] –¢–µ–∫—Å—Ç –æ—à–∏–±–∫–∏: Page not found | –§–∞–π–ª: C:\Projects\LuxuryWatchesPHP\vendor\shop\core\router.php | –°—Ç—Ä–æ–∫–∞: 33
~~~~~~~~~~~~~~~~~~~~~~~
[2023-08-13 19:30:36] –¢–µ–∫—Å—Ç –æ—à–∏–±–∫–∏: Page not found | –§–∞–π–ª: C:\Projects\LuxuryWatchesPHP\vendor\shop\core\router.php | –°—Ç—Ä–æ–∫–∞: 33
~~~~~~~~~~~~~~~~~~~~~~~
[2023-08-13 19:30:36] –¢–µ–∫—Å—Ç –æ—à–∏–±–∫–∏: Page not found | –§–∞–π–ª: C:\Projects\LuxuryWatchesPHP\vendor\shop\core\router.php | –°—Ç—Ä–æ–∫–∞: 33
~~~~~~~~~~~~~~~~~~~~~~~
[2023-08-13 19:30:36] –¢–µ–∫—Å—Ç –æ—à–∏–±–∫–∏: Page not found | –§–∞–π–ª: C:\Projects\LuxuryWatchesPHP\vendor\shop\core\router.php | –°—Ç—Ä–æ–∫–∞: 33
~~~~~~~~~~~~~~~~~~~~~~~
[2023-08-13 19:30:36] –¢–µ–∫—Å—Ç –æ—à–∏–±–∫–∏: Page not found | –§–∞–π–ª: C:\Projects\LuxuryWatchesPHP\vendor\shop\core\router.php | –°—Ç—Ä–æ–∫–∞: 33
~~~~~~~~~~~~~~~~~~~~~~~
[2023-08-13 19:30:36] –¢–µ–∫—Å—Ç –æ—à–∏–±–∫–∏: Page not found | –§–∞–π–ª: C:\Projects\LuxuryWatchesPHP\vendor\shop\core\router.php | –°—Ç—Ä–æ–∫–∞: 33
~~~~~~~~~~~~~~~~~~~~~~~
[2023-08-13 19:30:36] –¢–µ–∫—Å—Ç –æ—à–∏–±–∫–∏: Page not found | –§–∞–π–ª: C:\Projects\LuxuryWatchesPHP\vendor\shop\core\router.php | –°—Ç—Ä–æ–∫–∞: 33
~~~~~~~~~~~~~~~~~~~~~~~
[2023-08-13 19:30:36] –¢–µ–∫—Å—Ç –æ—à–∏–±–∫–∏: Page not found | –§–∞–π–ª: C:\Projects\LuxuryWatchesPHP\vendor\shop\core\router.php | –°—Ç—Ä–æ–∫–∞: 33
~~~~~~~~~~~~~~~~~~~~~~~
[2023-08-13 19:30:36] –¢–µ–∫—Å—Ç –æ—à–∏–±–∫–∏: Page not found | –§–∞–π–ª: C:\Projects\LuxuryWatchesPHP\vendor\shop\core\router.php | –°—Ç—Ä–æ–∫–∞: 33
~~~~~~~~~~~~~~~~~~~~~~~
[2023-08-13 19:30:36] –¢–µ–∫—Å—Ç –æ—à–∏–±–∫–∏: Page not found | –§–∞–π–ª: C:\Projects\LuxuryWatchesPHP\vendor\shop\core\router.php | –°—Ç—Ä–æ–∫–∞: 33
~~~~~~~~~~~~~~~~~~~~~~~
[2023-08-13 19:30:36] –¢–µ–∫—Å—Ç –æ—à–∏–±–∫–∏: Page not found | –§–∞–π–ª: C:\Projects\LuxuryWatchesPHP\vendor\shop\core\router.php | –°—Ç—Ä–æ–∫–∞: 33
~~~~~~~~~~~~~~~~~~~~~~~
[2023-08-13 19:30:36] –¢–µ–∫—Å—Ç –æ—à–∏–±–∫–∏: Page not found | –§–∞–π–ª: C:\Projects\LuxuryWatchesPHP\vendor\shop\core\router.php | –°—Ç—Ä–æ–∫–∞: 33
~~~~~~~~~~~~~~~~~~~~~~~
[2023-08-13 19:30:36] –¢–µ–∫—Å—Ç –æ—à–∏–±–∫–∏: Page not found | –§–∞–π–ª: C:\Projects\LuxuryWatchesPHP\vendor\shop\core\router.php | –°—Ç—Ä–æ–∫–∞: 33
~~~~~~~~~~~~~~~~~~~~~~~
[2023-08-13 19:30:36] –¢–µ–∫—Å—Ç –æ—à–∏–±–∫–∏: Page not found | –§–∞–π–ª: C:\Projects\LuxuryWatchesPHP\vendor\shop\core\router.php | –°—Ç—Ä–æ–∫–∞: 33
~~~~~~~~~~~~~~~~~~~~~~~
[2023-08-13 19:30:36] –¢–µ–∫—Å—Ç –æ—à–∏–±–∫–∏: Page not found | –§–∞–π–ª: C:\Projects\LuxuryWatchesPHP\vendor\shop\core\router.php | –°—Ç—Ä–æ–∫–∞: 33
~~~~~~~~~~~~~~~~~~~~~~~
[2023-08-13 19:30:36] –¢–µ–∫—Å—Ç –æ—à–∏–±–∫–∏: Page not found | –§–∞–π–ª: C:\Projects\LuxuryWatchesPHP\vendor\shop\core\router.php | –°—Ç—Ä–æ–∫–∞: 33
~~~~~~~~~~~~~~~~~~~~~~~
[2023-08-13 19:30:36] –¢–µ–∫—Å—Ç –æ—à–∏–±–∫–∏: Page not found | –§–∞–π–ª: C:\Projects\LuxuryWatchesPHP\vendor\shop\core\router.php | –°—Ç—Ä–æ–∫–∞: 33
~~~~~~~~~~~~~~~~~~~~~~~
[2023-08-13 19:30:36] –¢–µ–∫—Å—Ç –æ—à–∏–±–∫–∏: Page not found | –§–∞–π–ª: C:\Projects\LuxuryWatchesPHP\vendor\shop\core\router.php | –°—Ç—Ä–æ–∫–∞: 33
~~~~~~~~~~~~~~~~~~~~~~~
[2023-08-13 19:30:36] –¢–µ–∫—Å—Ç –æ—à–∏–±–∫–∏: Page not found | –§–∞–π–ª: C:\Projects\LuxuryWatchesPHP\vendor\shop\core\router.php | –°—Ç—Ä–æ–∫–∞: 33
~~~~~~~~~~~~~~~~~~~~~~~
[2023-08-13 19:30:36] –¢–µ–∫—Å—Ç –æ—à–∏–±–∫–∏: Page not found | –§–∞–π–ª: C:\Projects\LuxuryWatchesPHP\vendor\shop\core\router.php | –°—Ç—Ä–æ–∫–∞: 33
~~~~~~~~~~~~~~~~~~~~~~~
[2023-08-13 19:30:40] –¢–µ–∫—Å—Ç –æ—à–∏–±–∫–∏: Page not found | –§–∞–π–ª: C:\Projects\LuxuryWatchesPHP\vendor\shop\core\router.php | –°—Ç—Ä–æ–∫–∞: 33
~~~~~~~~~~~~~~~~~~~~~~~
[2023-08-13 19:30:40] –¢–µ–∫—Å—Ç –æ—à–∏–±–∫–∏: Page not found | –§–∞–π–ª: C:\Projects\LuxuryWatchesPHP\vendor\shop\core\router.php | –°—Ç—Ä–æ–∫–∞: 33
~~~~~~~~~~~~~~~~~~~~~~~
[2023-08-13 19:30:40] –¢–µ–∫—Å—Ç –æ—à–∏–±–∫–∏: Page not found | –§–∞–π–ª: C:\Projects\LuxuryWatchesPHP\vendor\shop\core\router.php | –°—Ç—Ä–æ–∫–∞: 33
~~~~~~~~~~~~~~~~~~~~~~~
[2023-08-13 19:30:40] –¢–µ–∫—Å—Ç –æ—à–∏–±–∫–∏: Page not found | –§–∞–π–ª: C:\Projects\LuxuryWatchesPHP\vendor\shop\core\router.php | –°—Ç—Ä–æ–∫–∞: 33
~~~~~~~~~~~~~~~~~~~~~~~
[2023-08-13 19:30:40] –¢–µ–∫—Å—Ç –æ—à–∏–±–∫–∏: Page not found | –§–∞–π–ª: C:\Projects\LuxuryWatchesPHP\vendor\shop\core\router.php | –°—Ç—Ä–æ–∫–∞: 33
~~~~~~~~~~~~~~~~~~~~~~~
[2023-08-13 19:30:40] –¢–µ–∫—Å—Ç –æ—à–∏–±–∫–∏: Page not found | –§–∞–π–ª: C:\Projects\LuxuryWatchesPHP\vendor\shop\core\router.php | –°—Ç—Ä–æ–∫–∞: 33
~~~~~~~~~~~~~~~~~~~~~~~
[2023-08-13 19:30:40] –¢–µ–∫—Å—Ç –æ—à–∏–±–∫–∏: Page not found | –§–∞–π–ª: C:\Projects\LuxuryWatchesPHP\vendor\shop\core\router.php | –°—Ç—Ä–æ–∫–∞: 33
~~~~~~~~~~~~~~~~~~~~~~~
[2023-08-13 19:30:40] –¢–µ–∫—Å—Ç –æ—à–∏–±–∫–∏: Page not found | –§–∞–π–ª: C:\Projects\LuxuryWatchesPHP\vendor\shop\core\router.php | –°—Ç—Ä–æ–∫–∞: 33
~~~~~~~~~~~~~~~~~~~~~~~
[2023-08-13 19:30:40] –¢–µ–∫—Å—Ç –æ—à–∏–±–∫–∏: Page not found | –§–∞–π–ª: C:\Projects\LuxuryWatchesPHP\vendor\shop\core\router.php | –°—Ç—Ä–æ–∫–∞: 33
~~~~~~~~~~~~~~~~~~~~~~~
[2023-08-13 19:30:40] –¢–µ–∫—Å—Ç –æ—à–∏–±–∫–∏: Page not found | –§–∞–π–ª: C:\Projects\LuxuryWatchesPHP\vendor\shop\core\router.php | –°—Ç—Ä–æ–∫–∞: 33
~~~~~~~~~~~~~~~~~~~~~~~
[2023-08-13 19:30:40] –¢–µ–∫—Å—Ç –æ—à–∏–±–∫–∏: Page not found | –§–∞–π–ª: C:\Projects\LuxuryWatchesPHP\vendor\shop\core\router.php | –°—Ç—Ä–æ–∫–∞: 33
~~~~~~~~~~~~~~~~~~~~~~~
[2023-08-13 19:30:40] –¢–µ–∫—Å—Ç –æ—à–∏–±–∫–∏: Page not found | –§–∞–π–ª: C:\Projects\LuxuryWatchesPHP\vendor\shop\core\router.php | –°—Ç—Ä–æ–∫–∞: 33
~~~~~~~~~~~~~~~~~~~~~~~
[2023-08-13 19:30:40] –¢–µ–∫—Å—Ç –æ—à–∏–±–∫–∏: Page not found | –§–∞–π–ª: C:\Projects\LuxuryWatchesPHP\vendor\shop\core\router.php | –°—Ç—Ä–æ–∫–∞: 33
~~~~~~~~~~~~~~~~~~~~~~~
[2023-08-13 19:30:40] –¢–µ–∫—Å—Ç –æ—à–∏–±–∫–∏: Page not found | –§–∞–π–ª: C:\Projects\LuxuryWatchesPHP\vendor\shop\core\router.php | –°—Ç—Ä–æ–∫–∞: 33
~~~~~~~~~~~~~~~~~~~~~~~
[2023-08-13 19:30:40] –¢–µ–∫—Å—Ç –æ—à–∏–±–∫–∏: Page not found | –§–∞–π–ª: C:\Projects\LuxuryWatchesPHP\vendor\shop\core\router.php | –°—Ç—Ä–æ–∫–∞: 33
~~~~~~~~~~~~~~~~~~~~~~~
[2023-08-13 19:30:40] –¢–µ–∫—Å—Ç –æ—à–∏–±–∫–∏: Page not found | –§–∞–π–ª: C:\Projects\LuxuryWatchesPHP\vendor\shop\core\router.php | –°—Ç—Ä–æ–∫–∞: 33
~~~~~~~~~~~~~~~~~~~~~~~
[2023-08-13 19:30:40] –¢–µ–∫—Å—Ç –æ—à–∏–±–∫–∏: Page not found | –§–∞–π–ª: C:\Projects\LuxuryWatchesPHP\vendor\shop\core\router.php | –°—Ç—Ä–æ–∫–∞: 33
~~~~~~~~~~~~~~~~~~~~~~~
[2023-08-13 19:30:40] –¢–µ–∫—Å—Ç –æ—à–∏–±–∫–∏: Page not found | –§–∞–π–ª: C:\Projects\LuxuryWatchesPHP\vendor\shop\core\router.php | –°—Ç—Ä–æ–∫–∞: 33
~~~~~~~~~~~~~~~~~~~~~~~
[2023-08-13 19:30:40] –¢–µ–∫—Å—Ç –æ—à–∏–±–∫–∏: Page not found | –§–∞–π–ª: C:\Projects\LuxuryWatchesPHP\vendor\shop\core\router.php | –°—Ç—Ä–æ–∫–∞: 33
~~~~~~~~~~~~~~~~~~~~~~~
[2023-08-13 19:30:40] –¢–µ–∫—Å—Ç –æ—à–∏–±–∫–∏: Page not found | –§–∞–π–ª: C:\Projects\LuxuryWatchesPHP\vendor\shop\core\router.php | –°—Ç—Ä–æ–∫–∞: 33
~~~~~~~~~~~~~~~~~~~~~~~
[2023-08-13 19:30:40] –¢–µ–∫—Å—Ç –æ—à–∏–±–∫–∏: Page not found | –§–∞–π–ª: C:\Projects\LuxuryWatchesPHP\vendor\shop\core\router.php | –°—Ç—Ä–æ–∫–∞: 33
~~~~~~~~~~~~~~~~~~~~~~~
[2023-08-13 19:30:40] –¢–µ–∫—Å—Ç –æ—à–∏–±–∫–∏: Page not found | –§–∞–π–ª: C:\Projects\LuxuryWatchesPHP\vendor\shop\core\router.php | –°—Ç—Ä–æ–∫–∞: 33
~~~~~~~~~~~~~~~~~~~~~~~
[2023-08-13 19:30:40] –¢–µ–∫—Å—Ç –æ—à–∏–±–∫–∏: Page not found | –§–∞–π–ª: C:\Projects\LuxuryWatchesPHP\vendor\shop\core\router.php | –°—Ç—Ä–æ–∫–∞: 33
~~~~~~~~~~~~~~~~~~~~~~~
[2023-08-13 19:30:40] –¢–µ–∫—Å—Ç –æ—à–∏–±–∫–∏: Page not found | –§–∞–π–ª: C:\Projects\LuxuryWatchesPHP\vendor\shop\core\router.php | –°—Ç—Ä–æ–∫–∞: 33
~~~~~~~~~~~~~~~~~~~~~~~
[2023-08-13 19:30:40] –¢–µ–∫—Å—Ç –æ—à–∏–±–∫–∏: Page not found | –§–∞–π–ª: C:\Projects\LuxuryWatchesPHP\vendor\shop\core\router.php | –°—Ç—Ä–æ–∫–∞: 33
~~~~~~~~~~~~~~~~~~~~~~~
[2023-08-13 19:30:40] –¢–µ–∫—Å—Ç –æ—à–∏–±–∫–∏: Page not found | –§–∞–π–ª: C:\Projects\LuxuryWatchesPHP\vendor\shop\core\router.php | –°—Ç—Ä–æ–∫–∞: 33
~~~~~~~~~~~~~~~~~~~~~~~
[2023-08-13 19:30:40] –¢–µ–∫—Å—Ç –æ—à–∏–±–∫–∏: Page not found | –§–∞–π–ª: C:\Projects\LuxuryWatchesPHP\vendor\shop\core\router.php | –°—Ç—Ä–æ–∫–∞: 33
~~~~~~~~~~~~~~~~~~~~~~~
[2023-08-13 19:30:40] –¢–µ–∫—Å—Ç –æ—à–∏–±–∫–∏: Page not found | –§–∞–π–ª: C:\Projects\LuxuryWatchesPHP\vendor\shop\core\router.php | –°—Ç—Ä–æ–∫–∞: 33
~~~~~~~~~~~~~~~~~~~~~~~
[2023-08-13 19:30:40] –¢–µ–∫—Å—Ç –æ—à–∏–±–∫–∏: Page not found | –§–∞–π–ª: C:\Projects\LuxuryWatchesPHP\vendor\shop\core\router.php | –°—Ç—Ä–æ–∫–∞: 33
~~~~~~~~~~~~~~~~~~~~~~~
[2023-08-13 19:30:40] –¢–µ–∫—Å—Ç –æ—à–∏–±–∫–∏: Page not found | –§–∞–π–ª: C:\Projects\LuxuryWatchesPHP\vendor\shop\core\router.php | –°—Ç—Ä–æ–∫–∞: 33
~~~~~~~~~~~~~~~~~~~~~~~
[2023-08-13 19:30:40] –¢–µ–∫—Å—Ç –æ—à–∏–±–∫–∏: Page not found | –§–∞–π–ª: C:\Projects\LuxuryWatchesPHP\vendor\shop\core\router.php | –°—Ç—Ä–æ–∫–∞: 33
~~~~~~~~~~~~~~~~~~~~~~~
[2023-08-13 19:30:40] –¢–µ–∫—Å—Ç –æ—à–∏–±–∫–∏: Page not found | –§–∞–π–ª: C:\Projects\LuxuryWatchesPHP\vendor\shop\core\router.php | –°—Ç—Ä–æ–∫–∞: 33
~~~~~~~~~~~~~~~~~~~~~~~
[2023-08-13 19:30:42] –¢–µ–∫—Å—Ç –æ—à–∏–±–∫–∏: Page not found | –§–∞–π–ª: C:\Projects\LuxuryWatchesPHP\vendor\shop\core\router.php | –°—Ç—Ä–æ–∫–∞: 33
~~~~~~~~~~~~~~~~~~~~~~~
[2023-08-13 19:30:42] –¢–µ–∫—Å—Ç –æ—à–∏–±–∫–∏: Page not found | –§–∞–π–ª: C:\Projects\LuxuryWatchesPHP\vendor\shop\core\router.php | –°—Ç—Ä–æ–∫–∞: 33
~~~~~~~~~~~~~~~~~~~~~~~
[2023-08-13 19:30:42] –¢–µ–∫—Å—Ç –æ—à–∏–±–∫–∏: Page not found | –§–∞–π–ª: C:\Projects\LuxuryWatchesPHP\vendor\shop\core\router.php | –°—Ç—Ä–æ–∫–∞: 33
~~~~~~~~~~~~~~~~~~~~~~~
[2023-08-13 19:30:42] –¢–µ–∫—Å—Ç –æ—à–∏–±–∫–∏: Page not found | –§–∞–π–ª: C:\Projects\LuxuryWatchesPHP\vendor\shop\core\router.php | –°—Ç—Ä–æ–∫–∞: 33
~~~~~~~~~~~~~~~~~~~~~~~
[2023-08-13 19:30:42] –¢–µ–∫—Å—Ç –æ—à–∏–±–∫–∏: Page not found | –§–∞–π–ª: C:\Projects\LuxuryWatchesPHP\vendor\shop\core\router.php | –°—Ç—Ä–æ–∫–∞: 33
~~~~~~~~~~~~~~~~~~~~~~~
[2023-08-13 19:30:42] –¢–µ–∫—Å—Ç –æ—à–∏–±–∫–∏: Page not found | –§–∞–π–ª: C:\Projects\LuxuryWatchesPHP\vendor\shop\core\router.php | –°—Ç—Ä–æ–∫–∞: 33
~~~~~~~~~~~~~~~~~~~~~~~
[2023-08-13 19:30:42] –¢–µ–∫—Å—Ç –æ—à–∏–±–∫–∏: Page not found | –§–∞–π–ª: C:\Projects\LuxuryWatchesPHP\vendor\shop\core\router.php | –°—Ç—Ä–æ–∫–∞: 33
~~~~~~~~~~~~~~~~~~~~~~~
[2023-08-13 19:30:42] –¢–µ–∫—Å—Ç –æ—à–∏–±–∫–∏: Page not found | –§–∞–π–ª: C:\Projects\LuxuryWatchesPHP\vendor\shop\core\router.php | –°—Ç—Ä–æ–∫–∞: 33
~~~~~~~~~~~~~~~~~~~~~~~
[2023-08-13 19:30:59] –¢–µ–∫—Å—Ç –æ—à–∏–±–∫–∏: Page not found | –§–∞–π–ª: C:\Projects\LuxuryWatchesPHP\vendor\shop\core\router.php | –°—Ç—Ä–æ–∫–∞: 33
~~~~~~~~~~~~~~~~~~~~~~~
[2023-08-13 19:30:59] –¢–µ–∫—Å—Ç –æ—à–∏–±–∫–∏: Page not found | –§–∞–π–ª: C:\Projects\LuxuryWatchesPHP\vendor\shop\core\router.php | –°—Ç—Ä–æ–∫–∞: 33
~~~~~~~~~~~~~~~~~~~~~~~
[2023-08-13 19:30:59] –¢–µ–∫—Å—Ç –æ—à–∏–±–∫–∏: Page not found | –§–∞–π–ª: C:\Projects\LuxuryWatchesPHP\vendor\shop\core\router.php | –°—Ç—Ä–æ–∫–∞: 33
~~~~~~~~~~~~~~~~~~~~~~~
[2023-08-13 19:30:59] –¢–µ–∫—Å—Ç –æ—à–∏–±–∫–∏: Page not found | –§–∞–π–ª: C:\Projects\LuxuryWatchesPHP\vendor\shop\core\router.php | –°—Ç—Ä–æ–∫–∞: 33
~~~~~~~~~~~~~~~~~~~~~~~
[2023-08-13 19:30:59] –¢–µ–∫—Å—Ç –æ—à–∏–±–∫–∏: Page not found | –§–∞–π–ª: C:\Projects\LuxuryWatchesPHP\vendor\shop\core\router.php | –°—Ç—Ä–æ–∫–∞: 33
~~~~~~~~~~~~~~~~~~~~~~~
[2023-08-13 19:30:59] –¢–µ–∫—Å—Ç –æ—à–∏–±–∫–∏: Page not found | –§–∞–π–ª: C:\Projects\LuxuryWatchesPHP\vendor\shop\core\router.php | –°—Ç—Ä–æ–∫–∞: 33
~~~~~~~~~~~~~~~~~~~~~~~
[2023-08-13 19:30:59] –¢–µ–∫—Å—Ç –æ—à–∏–±–∫–∏: Page not found | –§–∞–π–ª: C:\Projects\LuxuryWatchesPHP\vendor\shop\core\router.php | –°—Ç—Ä–æ–∫–∞: 33
~~~~~~~~~~~~~~~~~~~~~~~
[2023-08-13 19:30:59] –¢–µ–∫—Å—Ç –æ—à–∏–±–∫–∏: Page not found | –§–∞–π–ª: C:\Projects\LuxuryWatchesPHP\vendor\shop\core\router.php | –°—Ç—Ä–æ–∫–∞: 33
~~~~~~~~~~~~~~~~~~~~~~~
[2023-08-13 19:31:00] –¢–µ–∫—Å—Ç –æ—à–∏–±–∫–∏: Page not found | –§–∞–π–ª: C:\Projects\LuxuryWatchesPHP\vendor\shop\core\router.php | –°—Ç—Ä–æ–∫–∞: 33
~~~~~~~~~~~~~~~~~~~~~~~
[2023-08-13 19:31:00] –¢–µ–∫—Å—Ç –æ—à–∏–±–∫–∏: Page not found | –§–∞–π–ª: C:\Projects\LuxuryWatchesPHP\vendor\shop\core\router.php | –°—Ç—Ä–æ–∫–∞: 33
~~~~~~~~~~~~~~~~~~~~~~~
[2023-08-13 19:31:00] –¢–µ–∫—Å—Ç –æ—à–∏–±–∫–∏: Page not found | –§–∞–π–ª: C:\Projects\LuxuryWatchesPHP\vendor\shop\core\router.php | –°—Ç—Ä–æ–∫–∞: 33
~~~~~~~~~~~~~~~~~~~~~~~
[2023-08-13 19:31:00] –¢–µ–∫—Å—Ç –æ—à–∏–±–∫–∏: Page not found | –§–∞–π–ª: C:\Projects\LuxuryWatchesPHP\vendor\shop\core\router.php | –°—Ç—Ä–æ–∫–∞: 33
~~~~~~~~~~~~~~~~~~~~~~~
[2023-08-13 19:31:00] –¢–µ–∫—Å—Ç –æ—à–∏–±–∫–∏: Page not found | –§–∞–π–ª: C:\Projects\LuxuryWatchesPHP\vendor\shop\core\router.php | –°—Ç—Ä–æ–∫–∞: 33
~~~~~~~~~~~~~~~~~~~~~~~
[2023-08-13 19:31:00] –¢–µ–∫—Å—Ç –æ—à–∏–±–∫–∏: Page not found | –§–∞–π–ª: C:\Projects\LuxuryWatchesPHP\vendor\shop\core\router.php | –°—Ç—Ä–æ–∫–∞: 33
~~~~~~~~~~~~~~~~~~~~~~~
[2023-08-13 19:31:00] –¢–µ–∫—Å—Ç –æ—à–∏–±–∫–∏: Page not found | –§–∞–π–ª: C:\Projects\LuxuryWatchesPHP\vendor\shop\core\router.php | –°—Ç—Ä–æ–∫–∞: 33
~~~~~~~~~~~~~~~~~~~~~~~
[2023-08-13 19:31:00] –¢–µ–∫—Å—Ç –æ—à–∏–±–∫–∏: Page not found | –§–∞–π–ª: C:\Projects\LuxuryWatchesPHP\vendor\shop\core\router.php | –°—Ç—Ä–æ–∫–∞: 33
~~~~~~~~~~~~~~~~~~~~~~~
[2023-08-13 19:31:00] –¢–µ–∫—Å—Ç –æ—à–∏–±–∫–∏: Page not found | –§–∞–π–ª: C:\Projects\LuxuryWatchesPHP\vendor\shop\core\router.php | –°—Ç—Ä–æ–∫–∞: 33
~~~~~~~~~~~~~~~~~~~~~~~
[2023-08-13 19:31:00] –¢–µ–∫—Å—Ç –æ—à–∏–±–∫–∏: Page not found | –§–∞–π–ª: C:\Projects\LuxuryWatchesPHP\vendor\shop\core\router.php | –°—Ç—Ä–æ–∫–∞: 33
~~~~~~~~~~~~~~~~~~~~~~~
[2023-08-13 19:31:00] –¢–µ–∫—Å—Ç –æ—à–∏–±–∫–∏: Page not found | –§–∞–π–ª: C:\Projects\LuxuryWatchesPHP\vendor\shop\core\router.php | –°—Ç—Ä–æ–∫–∞: 33
~~~~~~~~~~~~~~~~~~~~~~~
[2023-08-13 19:31:00] –¢–µ–∫—Å—Ç –æ—à–∏–±–∫–∏: Page not found | –§–∞–π–ª: C:\Projects\LuxuryWatchesPHP\vendor\shop\core\router.php | –°—Ç—Ä–æ–∫–∞: 33
~~~~~~~~~~~~~~~~~~~~~~~
[2023-08-13 19:31:00] –¢–µ–∫—Å—Ç –æ—à–∏–±–∫–∏: Page not found | –§–∞–π–ª: C:\Projects\LuxuryWatchesPHP\vendor\shop\core\router.php | –°—Ç—Ä–æ–∫–∞: 33
~~~~~~~~~~~~~~~~~~~~~~~
[2023-08-13 19:31:00] –¢–µ–∫—Å—Ç –æ—à–∏–±–∫–∏: Page not found | –§–∞–π–ª: C:\Projects\LuxuryWatchesPHP\vendor\shop\core\router.php | –°—Ç—Ä–æ–∫–∞: 33
~~~~~~~~~~~~~~~~~~~~~~~
[2023-08-13 19:31:00] –¢–µ–∫—Å—Ç –æ—à–∏–±–∫–∏: Page not found | –§–∞–π–ª: C:\Projects\LuxuryWatchesPHP\vendor\shop\core\router.php | –°—Ç—Ä–æ–∫–∞: 33
~~~~~~~~~~~~~~~~~~~~~~~
[2023-08-13 19:31:00] –¢–µ–∫—Å—Ç –æ—à–∏–±–∫–∏: Page not found | –§–∞–π–ª: C:\Projects\LuxuryWatchesPHP\vendor\shop\core\router.php | –°—Ç—Ä–æ–∫–∞: 33
~~~~~~~~~~~~~~~~~~~~~~~
[2023-08-13 19:31:00] –¢–µ–∫—Å—Ç –æ—à–∏–±–∫–∏: Page not found | –§–∞–π–ª: C:\Projects\LuxuryWatchesPHP\vendor\shop\core\router.php | –°—Ç—Ä–æ–∫–∞: 33
~~~~~~~~~~~~~~~~~~~~~~~
[2023-08-13 19:31:00] –¢–µ–∫—Å—Ç –æ—à–∏–±–∫–∏: Page not found | –§–∞–π–ª: C:\Projects\LuxuryWatchesPHP\vendor\shop\core\router.php | –°—Ç—Ä–æ–∫–∞: 33
~~~~~~~~~~~~~~~~~~~~~~~
[2023-08-13 19:31:00] –¢–µ–∫—Å—Ç –æ—à–∏–±–∫–∏: Page not found | –§–∞–π–ª: C:\Projects\LuxuryWatchesPHP\vendor\shop\core\router.php | –°—Ç—Ä–æ–∫–∞: 33
~~~~~~~~~~~~~~~~~~~~~~~
[2023-08-13 19:31:00] –¢–µ–∫—Å—Ç –æ—à–∏–±–∫–∏: Page not found | –§–∞–π–ª: C:\Projects\LuxuryWatchesPHP\vendor\shop\core\router.php | –°—Ç—Ä–æ–∫–∞: 33
~~~~~~~~~~~~~~~~~~~~~~~
[2023-08-13 19:31:00] –¢–µ–∫—Å—Ç –æ—à–∏–±–∫–∏: Page not found | –§–∞–π–ª: C:\Projects\LuxuryWatchesPHP\vendor\shop\core\router.php | –°—Ç—Ä–æ–∫–∞: 33
~~~~~~~~~~~~~~~~~~~~~~~
[2023-08-13 19:31:00] –¢–µ–∫—Å—Ç –æ—à–∏–±–∫–∏: Page not found | –§–∞–π–ª: C:\Projects\LuxuryWatchesPHP\vendor\shop\core\router.php | –°—Ç—Ä–æ–∫–∞: 33
~~~~~~~~~~~~~~~~~~~~~~~
[2023-08-13 19:31:00] –¢–µ–∫—Å—Ç –æ—à–∏–±–∫–∏: Page not found | –§–∞–π–ª: C:\Projects\LuxuryWatchesPHP\vendor\shop\core\router.php | –°—Ç—Ä–æ–∫–∞: 33
~~~~~~~~~~~~~~~~~~~~~~~
[2023-08-13 19:31:00] –¢–µ–∫—Å—Ç –æ—à–∏–±–∫–∏: Page not found | –§–∞–π–ª: C:\Projects\LuxuryWatchesPHP\vendor\shop\core\router.php | –°—Ç—Ä–æ–∫–∞: 33
~~~~~~~~~~~~~~~~~~~~~~~
[2023-08-13 19:33:32] –¢–µ–∫—Å—Ç –æ—à–∏–±–∫–∏: Page not found | –§–∞–π–ª: C:\Projects\LuxuryWatchesPHP\vendor\shop\core\router.php | –°—Ç—Ä–æ–∫–∞: 33
~~~~~~~~~~~~~~~~~~~~~~~
[2023-08-13 19:33:39] –¢–µ–∫—Å—Ç –æ—à–∏–±–∫–∏: Page not found | –§–∞–π–ª: C:\Projects\LuxuryWatchesPHP\vendor\shop\core\router.php | –°—Ç—Ä–æ–∫–∞: 33
~~~~~~~~~~~~~~~~~~~~~~~
[2023-08-13 19:34:16] –¢–µ–∫—Å—Ç –æ—à–∏–±–∫–∏: Page not found | –§–∞–π–ª: C:\Projects\LuxuryWatchesPHP\vendor\shop\core\router.php | –°—Ç—Ä–æ–∫–∞: 33
~~~~~~~~~~~~~~~~~~~~~~~
[2023-08-13 20:03:16] –¢–µ–∫—Å—Ç –æ—à–∏–±–∫–∏: Page not found | –§–∞–π–ª: C:\Projects\LuxuryWatchesPHP\vendor\shop\core\router.php | –°—Ç—Ä–æ–∫–∞: 33
~~~~~~~~~~~~~~~~~~~~~~~
[2023-08-13 20:04:51] –¢–µ–∫—Å—Ç –æ—à–∏–±–∫–∏: Page not found | –§–∞–π–ª: C:\Projects\LuxuryWatchesPHP\vendor\shop\core\router.php | –°—Ç—Ä–æ–∫–∞: 33
~~~~~~~~~~~~~~~~~~~~~~~
[2023-08-14 15:27:39] –¢–µ–∫—Å—Ç –æ—à–∏–±–∫–∏: Call to a member function query() on null | –§–∞–π–ª: X:\PROJECTS\LuxuryWatchesPHP\vendor\shop\core\Db.php | –°—Ç—Ä–æ–∫–∞: 20
~~~~~~~~~~~~~~~~~~~~~~~
[2023-08-14 15:30:55] –¢–µ–∫—Å—Ç –æ—à–∏–±–∫–∏: Call to a member function query() on null | –§–∞–π–ª: X:\PROJECTS\LuxuryWatchesPHP\vendor\shop\core\Db.php | –°—Ç—Ä–æ–∫–∞: 19
~~~~~~~~~~~~~~~~~~~~~~~
[2023-08-14 15:31:11] –¢–µ–∫—Å—Ç –æ—à–∏–±–∫–∏: Call to a member function query() on null | –§–∞–π–ª: X:\PROJECTS\LuxuryWatchesPHP\vendor\shop\core\Db.php | –°—Ç—Ä–æ–∫–∞: 20
~~~~~~~~~~~~~~~~~~~~~~~
[2023-08-14 15:31:13] –¢–µ–∫—Å—Ç –æ—à–∏–±–∫–∏: Call to a member function query() on null | –§–∞–π–ª: X:\PROJECTS\LuxuryWatchesPHP\vendor\shop\core\Db.php | –°—Ç—Ä–æ–∫–∞: 20
~~~~~~~~~~~~~~~~~~~~~~~
[2023-08-14 15:33:36] –¢–µ–∫—Å—Ç –æ—à–∏–±–∫–∏: SQLSTATE[42000]: Syntax error or access violation: 1064 You have an error in your SQL syntax; check the manual that corresponds to your MySQL server version for the right syntax to use near ''order' WHERE status='0'' at line 1 | –§–∞–π–ª: X:\PROJECTS\LuxuryWatchesPHP\vendor\shop\core\Db.php | –°—Ç—Ä–æ–∫–∞: 20
~~~~~~~~~~~~~~~~~~~~~~~
[2023-08-14 15:35:35] –¢–µ–∫—Å—Ç –æ—à–∏–±–∫–∏: SQLSTATE[42000]: Syntax error or access violation: 1064 You have an error in your SQL syntax; check the manual that corresponds to your MySQL server version for the right syntax to use near ''order' WHERE status='0'' at line 1 | –§–∞–π–ª: X:\PROJECTS\LuxuryWatchesPHP\vendor\shop\core\Db.php | –°—Ç—Ä–æ–∫–∞: 20
~~~~~~~~~~~~~~~~~~~~~~~
[2023-08-14 15:36:23] –¢–µ–∫—Å—Ç –æ—à–∏–±–∫–∏: SQLSTATE[42000]: Syntax error or access violation: 1064 You have an error in your SQL syntax; check the manual that corresponds to your MySQL server version for the right syntax to use near ''order' WHERE status=0' at line 1 | –§–∞–π–ª: X:\PROJECTS\LuxuryWatchesPHP\vendor\shop\core\Db.php | –°—Ç—Ä–æ–∫–∞: 20
~~~~~~~~~~~~~~~~~~~~~~~
[2023-08-14 15:36:37] –¢–µ–∫—Å—Ç –æ—à–∏–±–∫–∏: SQLSTATE[42000]: Syntax error or access violation: 1064 You have an error in your SQL syntax; check the manual that corresponds to your MySQL server version for the right syntax to use near 'order WHERE status=0' at line 1 | –§–∞–π–ª: X:\PROJECTS\LuxuryWatchesPHP\vendor\shop\core\Db.php | –°—Ç—Ä–æ–∫–∞: 20
~~~~~~~~~~~~~~~~~~~~~~~
[2023-08-14 15:36:39] –¢–µ–∫—Å—Ç –æ—à–∏–±–∫–∏: SQLSTATE[42000]: Syntax error or access violation: 1064 You have an error in your SQL syntax; check the manual that corresponds to your MySQL server version for the right syntax to use near 'order WHERE status=0' at line 1 | –§–∞–π–ª: X:\PROJECTS\LuxuryWatchesPHP\vendor\shop\core\Db.php | –°—Ç—Ä–æ–∫–∞: 20
~~~~~~~~~~~~~~~~~~~~~~~
[2023-08-14 15:37:56] –¢–µ–∫—Å—Ç –æ—à–∏–±–∫–∏: SQLSTATE[42000]: Syntax error or access violation: 1064 You have an error in your SQL syntax; check the manual that corresponds to your MySQL server version for the right syntax to use near 'order WHERE status=0' at line 1 | –§–∞–π–ª: X:\PROJECTS\LuxuryWatchesPHP\vendor\shop\core\Db.php | –°—Ç—Ä–æ–∫–∞: 20
~~~~~~~~~~~~~~~~~~~~~~~
[2023-08-14 15:37:57] –¢–µ–∫—Å—Ç –æ—à–∏–±–∫–∏: SQLSTATE[42000]: Syntax error or access violation: 1064 You have an error in your SQL syntax; check the manual that corresponds to your MySQL server version for the right syntax to use near 'order WHERE status=0' at line 1 | –§–∞–π–ª: X:\PROJECTS\LuxuryWatchesPHP\vendor\shop\core\Db.php | –°—Ç—Ä–æ–∫–∞: 20
~~~~~~~~~~~~~~~~~~~~~~~
[2023-08-14 15:38:03] –¢–µ–∫—Å—Ç –æ—à–∏–±–∫–∏: SQLSTATE[42000]: Syntax error or access violation: 1064 You have an error in your SQL syntax; check the manual that corresponds to your MySQL server version for the right syntax to use near 'order' at line 1 | –§–∞–π–ª: X:\PROJECTS\LuxuryWatchesPHP\vendor\shop\core\Db.php | –°—Ç—Ä–æ–∫–∞: 20
~~~~~~~~~~~~~~~~~~~~~~~
[2023-08-14 15:39:02] –¢–µ–∫—Å—Ç –æ—à–∏–±–∫–∏: SQLSTATE[42000]: Syntax error or access violation: 1064 You have an error in your SQL syntax; check the manual that corresponds to your MySQL server version for the right syntax to use near 'order' at line 1 | –§–∞–π–ª: X:\PROJECTS\LuxuryWatchesPHP\vendor\shop\core\Db.php | –°—Ç—Ä–æ–∫–∞: 19
~~~~~~~~~~~~~~~~~~~~~~~
[2023-08-14 15:39:02] –¢–µ–∫—Å—Ç –æ—à–∏–±–∫–∏: SQLSTATE[42000]: Syntax error or access violation: 1064 You have an error in your SQL syntax; check the manual that corresponds to your MySQL server version for the right syntax to use near 'order' at line 1 | –§–∞–π–ª: X:\PROJECTS\LuxuryWatchesPHP\vendor\shop\core\Db.php | –°—Ç—Ä–æ–∫–∞: 19
~~~~~~~~~~~~~~~~~~~~~~~
[2023-08-14 15:39:03] –¢–µ–∫—Å—Ç –æ—à–∏–±–∫–∏: SQLSTATE[42000]: Syntax error or access violation: 1064 You have an error in your SQL syntax; check the manual that corresponds to your MySQL server version for the right syntax to use near 'order' at line 1 | –§–∞–π–ª: X:\PROJECTS\LuxuryWatchesPHP\vendor\shop\core\Db.php | –°—Ç—Ä–æ–∫–∞: 19
~~~~~~~~~~~~~~~~~~~~~~~
[2023-08-14 15:40:10] –¢–µ–∫—Å—Ç –æ—à–∏–±–∫–∏: SQLSTATE[42000]: Syntax error or access violation: 1064 You have an error in your SQL syntax; check the manual that corresponds to your MySQL server version for the right syntax to use near ''order' WHERE status='0'' at line 1 | –§–∞–π–ª: X:\PROJECTS\LuxuryWatchesPHP\vendor\shop\core\Db.php | –°—Ç—Ä–æ–∫–∞: 19
~~~~~~~~~~~~~~~~~~~~~~~
[2023-08-14 15:40:53] –¢–µ–∫—Å—Ç –æ—à–∏–±–∫–∏: SQLSTATE[42000]: Syntax error or access violation: 1064 You have an error in your SQL syntax; check the manual that corresponds to your MySQL server version for the right syntax to use near 'order' at line 1 | –§–∞–π–ª: X:\PROJECTS\LuxuryWatchesPHP\vendor\shop\core\Db.php | –°—Ç—Ä–æ–∫–∞: 19
~~~~~~~~~~~~~~~~~~~~~~~
[2023-08-14 15:41:25] –¢–µ–∫—Å—Ç –æ—à–∏–±–∫–∏: SQLSTATE[42000]: Syntax error or access violation: 1064 You have an error in your SQL syntax; check the manual that corresponds to your MySQL server version for the right syntax to use near 'order' at line 1 | –§–∞–π–ª: X:\PROJECTS\LuxuryWatchesPHP\vendor\shop\core\Db.php | –°—Ç—Ä–æ–∫–∞: 19
~~~~~~~~~~~~~~~~~~~~~~~
[2023-08-14 15:41:26] –¢–µ–∫—Å—Ç –æ—à–∏–±–∫–∏: SQLSTATE[42000]: Syntax error or access violation: 1064 You have an error in your SQL syntax; check the manual that corresponds to your MySQL server version for the right syntax to use near 'order' at line 1 | –§–∞–π–ª: X:\PROJECTS\LuxuryWatchesPHP\vendor\shop\core\Db.php | –°—Ç—Ä–æ–∫–∞: 19
~~~~~~~~~~~~~~~~~~~~~~~
[2023-08-14 15:41:26] –¢–µ–∫—Å—Ç –æ—à–∏–±–∫–∏: SQLSTATE[42000]: Syntax error or access violation: 1064 You have an error in your SQL syntax; check the manual that corresponds to your MySQL server version for the right syntax to use near 'order' at line 1 | –§–∞–π–ª: X:\PROJECTS\LuxuryWatchesPHP\vendor\shop\core\Db.php | –°—Ç—Ä–æ–∫–∞: 19
~~~~~~~~~~~~~~~~~~~~~~~
[2023-08-14 15:41:26] –¢–µ–∫—Å—Ç –æ—à–∏–±–∫–∏: SQLSTATE[42000]: Syntax error or access violation: 1064 You have an error in your SQL syntax; check the manual that corresponds to your MySQL server version for the right syntax to use near 'order' at line 1 | –§–∞–π–ª: X:\PROJECTS\LuxuryWatchesPHP\vendor\shop\core\Db.php | –°—Ç—Ä–æ–∫–∞: 19
~~~~~~~~~~~~~~~~~~~~~~~
[2023-08-14 15:41:44] –¢–µ–∫—Å—Ç –æ—à–∏–±–∫–∏: SQLSTATE[42000]: Syntax error or access violation: 1064 You have an error in your SQL syntax; check the manual that corresponds to your MySQL server version for the right syntax to use near 'order' at line 1 | –§–∞–π–ª: X:\PROJECTS\LuxuryWatchesPHP\vendor\shop\core\Db.php | –°—Ç—Ä–æ–∫–∞: 19
~~~~~~~~~~~~~~~~~~~~~~~
[2023-08-14 15:43:42] –¢–µ–∫—Å—Ç –æ—à–∏–±–∫–∏: SQLSTATE[42000]: Syntax error or access violation: 1064 You have an error in your SQL syntax; check the manual that corresponds to your MySQL server version for the right syntax to use near 'order' at line 1 | –§–∞–π–ª: X:\PROJECTS\LuxuryWatchesPHP\vendor\shop\core\Db.php | –°—Ç—Ä–æ–∫–∞: 19
~~~~~~~~~~~~~~~~~~~~~~~
[2023-08-14 15:43:42] –¢–µ–∫—Å—Ç –æ—à–∏–±–∫–∏: SQLSTATE[42000]: Syntax error or access violation: 1064 You have an error in your SQL syntax; check the manual that corresponds to your MySQL server version for the right syntax to use near 'order' at line 1 | –§–∞–π–ª: X:\PROJECTS\LuxuryWatchesPHP\vendor\shop\core\Db.php | –°—Ç—Ä–æ–∫–∞: 19
~~~~~~~~~~~~~~~~~~~~~~~
[2023-08-14 15:43:43] –¢–µ–∫—Å—Ç –æ—à–∏–±–∫–∏: SQLSTATE[42000]: Syntax error or access violation: 1064 You have an error in your SQL syntax; check the manual that corresponds to your MySQL server version for the right syntax to use near 'order' at line 1 | –§–∞–π–ª: X:\PROJECTS\LuxuryWatchesPHP\vendor\shop\core\Db.php | –°—Ç—Ä–æ–∫–∞: 19
~~~~~~~~~~~~~~~~~~~~~~~
[2023-08-14 15:49:40] –¢–µ–∫—Å—Ç –æ—à–∏–±–∫–∏: SQLSTATE[42S02]: Base table or view not found: 1146 Table 'watches_shop.users' doesn't exist | –§–∞–π–ª: X:\PROJECTS\LuxuryWatchesPHP\vendor\shop\core\Db.php | –°—Ç—Ä–æ–∫–∞: 19
~~~~~~~~~~~~~~~~~~~~~~~
[2023-08-14 15:49:41] –¢–µ–∫—Å—Ç –æ—à–∏–±–∫–∏: SQLSTATE[42S02]: Base table or view not found: 1146 Table 'watches_shop.users' doesn't exist | –§–∞–π–ª: X:\PROJECTS\LuxuryWatchesPHP\vendor\shop\core\Db.php | –°—Ç—Ä–æ–∫–∞: 19
~~~~~~~~~~~~~~~~~~~~~~~
[2023-08-14 16:01:04] –¢–µ–∫—Å—Ç –æ—à–∏–±–∫–∏: Controller app\controllers\admin\OrderController not found | –§–∞–π–ª: X:\PROJECTS\LuxuryWatchesPHP\vendor\shop\core\router.php | –°—Ç—Ä–æ–∫–∞: 30
~~~~~~~~~~~~~~~~~~~~~~~
[2023-08-17 13:35:27] –¢–µ–∫—Å—Ç –æ—à–∏–±–∫–∏: Controller app\controllers\admin\ProductController not found | –§–∞–π–ª: C:\Program Files\Ampps\www\LuxuryWatchesPHP\vendor\shop\core\router.php | –°—Ç—Ä–æ–∫–∞: 30
~~~~~~~~~~~~~~~~~~~~~~~
[2023-08-17 13:41:20] –¢–µ–∫—Å—Ç –æ—à–∏–±–∫–∏: Page not found | –§–∞–π–ª: C:\Program Files\Ampps\www\LuxuryWatchesPHP\vendor\shop\core\router.php | –°—Ç—Ä–æ–∫–∞: 33
~~~~~~~~~~~~~~~~~~~~~~~
[2023-08-17 13:43:48] –¢–µ–∫—Å—Ç –æ—à–∏–±–∫–∏: Controller app\controllers\admin\OrderController not found | –§–∞–π–ª: C:\Program Files\Ampps\www\LuxuryWatchesPHP\vendor\shop\core\router.php | –°—Ç—Ä–æ–∫–∞: 30
~~~~~~~~~~~~~~~~~~~~~~~
[2023-08-17 13:43:49] –¢–µ–∫—Å—Ç –æ—à–∏–±–∫–∏: Controller app\controllers\admin\OrderController not found | –§–∞–π–ª: C:\Program Files\Ampps\www\LuxuryWatchesPHP\vendor\shop\core\router.php | –°—Ç—Ä–æ–∫–∞: 30
~~~~~~~~~~~~~~~~~~~~~~~
[2023-08-17 13:50:29] –¢–µ–∫—Å—Ç –æ—à–∏–±–∫–∏: Controller app\controllers\admin\ReloadController not found | –§–∞–π–ª: C:\Program Files\Ampps\www\LuxuryWatchesPHP\vendor\shop\core\router.php | –°—Ç—Ä–æ–∫–∞: 30
~~~~~~~~~~~~~~~~~~~~~~~
[2023-08-17 14:53:25] –¢–µ–∫—Å—Ç –æ—à–∏–±–∫–∏: SQLSTATE[42000]: Syntax error or access violation: 1064 You have an error in your SQL syntax; check the manual that corresponds to your MySQL server version for the right syntax to use near 'order' at line 1 | –§–∞–π–ª: C:\Program Files\Ampps\www\LuxuryWatchesPHP\vendor\shop\core\Db.php | –°—Ç—Ä–æ–∫–∞: 19
~~~~~~~~~~~~~~~~~~~~~~~
[2023-08-17 14:53:46] –¢–µ–∫—Å—Ç –æ—à–∏–±–∫–∏: SQLSTATE[42000]: Syntax error or access violation: 1064 You have an error in your SQL syntax; check the manual that corresponds to your MySQL server version for the right syntax to use near 'order' at line 1 | –§–∞–π–ª: C:\Program Files\Ampps\www\LuxuryWatchesPHP\vendor\shop\core\Db.php | –°—Ç—Ä–æ–∫–∞: 19
~~~~~~~~~~~~~~~~~~~~~~~
[2023-08-17 14:54:54] –¢–µ–∫—Å—Ç –æ—à–∏–±–∫–∏: SQLSTATE[42000]: Syntax error or access violation: 1064 You have an error in your SQL syntax; check the manual that corresponds to your MySQL server version for the right syntax to use near 'order' at line 1 | –§–∞–π–ª: C:\Program Files\Ampps\www\LuxuryWatchesPHP\vendor\shop\core\Db.php | –°—Ç—Ä–æ–∫–∞: 19
~~~~~~~~~~~~~~~~~~~~~~~
[2023-08-17 14:55:43] –¢–µ–∫—Å—Ç –æ—à–∏–±–∫–∏: SQLSTATE[42000]: Syntax error or access violation: 1064 You have an error in your SQL syntax; check the manual that corresponds to your MySQL server version for the right syntax to use near 'order' at line 1 | –§–∞–π–ª: C:\Program Files\Ampps\www\LuxuryWatchesPHP\vendor\shop\core\Db.php | –°—Ç—Ä–æ–∫–∞: 19
~~~~~~~~~~~~~~~~~~~~~~~
[2023-08-17 15:02:18] –¢–µ–∫—Å—Ç –æ—à–∏–±–∫–∏: SQLSTATE[42000]: Syntax error or access violation: 1064 You have an error in your SQL syntax; check the manual that corresponds to your MySQL server version for the right syntax to use near 'order' at line 1 | –§–∞–π–ª: C:\Program Files\Ampps\www\LuxuryWatchesPHP\vendor\shop\core\Db.php | –°—Ç—Ä–æ–∫–∞: 19
~~~~~~~~~~~~~~~~~~~~~~~
[2023-08-17 15:06:01] –¢–µ–∫—Å—Ç –æ—à–∏–±–∫–∏: SQLSTATE[42000]: Syntax error or access violation: 1064 You have an error in your SQL syntax; check the manual that corresponds to your MySQL server version for the right syntax to use near 'order' at line 1 | –§–∞–π–ª: C:\Program Files\Ampps\www\LuxuryWatchesPHP\vendor\shop\core\Db.php | –°—Ç—Ä–æ–∫–∞: 19
~~~~~~~~~~~~~~~~~~~~~~~
[2023-08-17 15:08:21] –¢–µ–∫—Å—Ç –æ—à–∏–±–∫–∏: SQLSTATE[42000]: Syntax error or access violation: 1064 You have an error in your SQL syntax; check the manual that corresponds to your MySQL server version for the right syntax to use near 'order' at line 1 | –§–∞–π–ª: C:\Program Files\Ampps\www\LuxuryWatchesPHP\vendor\shop\core\Db.php | –°—Ç—Ä–æ–∫–∞: 19
~~~~~~~~~~~~~~~~~~~~~~~
[2023-08-17 15:10:03] –¢–µ–∫—Å—Ç –æ—à–∏–±–∫–∏: SQLSTATE[42000]: Syntax error or access violation: 1064 You have an error in your SQL syntax; check the manual that corresponds to your MySQL server version for the right syntax to use near 'order' at line 1 | –§–∞–π–ª: C:\Program Files\Ampps\www\LuxuryWatchesPHP\vendor\shop\core\Db.php | –°—Ç—Ä–æ–∫–∞: 19
~~~~~~~~~~~~~~~~~~~~~~~
[2023-08-17 15:10:04] –¢–µ–∫—Å—Ç –æ—à–∏–±–∫–∏: SQLSTATE[42000]: Syntax error or access violation: 1064 You have an error in your SQL syntax; check the manual that corresponds to your MySQL server version for the right syntax to use near 'order' at line 1 | –§–∞–π–ª: C:\Program Files\Ampps\www\LuxuryWatchesPHP\vendor\shop\core\Db.php | –°—Ç—Ä–æ–∫–∞: 19
~~~~~~~~~~~~~~~~~~~~~~~
[2023-08-17 15:11:18] –¢–µ–∫—Å—Ç –æ—à–∏–±–∫–∏: SQLSTATE[42000]: Syntax error or access violation: 1064 You have an error in your SQL syntax; check the manual that corresponds to your MySQL server version for the right syntax to use near 'order' at line 1 | –§–∞–π–ª: C:\Program Files\Ampps\www\LuxuryWatchesPHP\vendor\shop\core\Db.php | –°—Ç—Ä–æ–∫–∞: 19
~~~~~~~~~~~~~~~~~~~~~~~
[2023-08-17 15:11:19] –¢–µ–∫—Å—Ç –æ—à–∏–±–∫–∏: SQLSTATE[42000]: Syntax error or access violation: 1064 You have an error in your SQL syntax; check the manual that corresponds to your MySQL server version for the right syntax to use near 'order' at line 1 | –§–∞–π–ª: C:\Program Files\Ampps\www\LuxuryWatchesPHP\vendor\shop\core\Db.php | –°—Ç—Ä–æ–∫–∞: 19
~~~~~~~~~~~~~~~~~~~~~~~
[2023-08-17 15:11:54] –¢–µ–∫—Å—Ç –æ—à–∏–±–∫–∏: SQLSTATE[42000]: Syntax error or access violation: 1064 You have an error in your SQL syntax; check the manual that corresponds to your MySQL server version for the right syntax to use near 'order' at line 1 | –§–∞–π–ª: C:\Program Files\Ampps\www\LuxuryWatchesPHP\vendor\shop\core\Db.php | –°—Ç—Ä–æ–∫–∞: 19
~~~~~~~~~~~~~~~~~~~~~~~
[2023-08-17 15:12:41] –¢–µ–∫—Å—Ç –æ—à–∏–±–∫–∏: SQLSTATE[42000]: Syntax error or access violation: 1064 You have an error in your SQL syntax; check the manual that corresponds to your MySQL server version for the right syntax to use near 'order' at line 1 | –§–∞–π–ª: C:\Program Files\Ampps\www\LuxuryWatchesPHP\vendor\shop\core\Db.php | –°—Ç—Ä–æ–∫–∞: 19
~~~~~~~~~~~~~~~~~~~~~~~
[2023-08-17 15:12:42] –¢–µ–∫—Å—Ç –æ—à–∏–±–∫–∏: SQLSTATE[42000]: Syntax error or access violation: 1064 You have an error in your SQL syntax; check the manual that corresponds to your MySQL server version for the right syntax to use near 'order' at line 1 | –§–∞–π–ª: C:\Program Files\Ampps\www\LuxuryWatchesPHP\vendor\shop\core\Db.php | –°—Ç—Ä–æ–∫–∞: 19
~~~~~~~~~~~~~~~~~~~~~~~
[2023-08-17 15:13:41] –¢–µ–∫—Å—Ç –æ—à–∏–±–∫–∏: SQLSTATE[42000]: Syntax error or access violation: 1064 You have an error in your SQL syntax; check the manual that corresponds to your MySQL server version for the right syntax to use near 'order' at line 1 | –§–∞–π–ª: C:\Program Files\Ampps\www\LuxuryWatchesPHP\vendor\shop\core\Db.php | –°—Ç—Ä–æ–∫–∞: 19
~~~~~~~~~~~~~~~~~~~~~~~
[2023-08-17 15:14:05] –¢–µ–∫—Å—Ç –æ—à–∏–±–∫–∏: SQLSTATE[42000]: Syntax error or access violation: 1064 You have an error in your SQL syntax; check the manual that corresponds to your MySQL server version for the right syntax to use near 'order' at line 1 | –§–∞–π–ª: C:\Program Files\Ampps\www\LuxuryWatchesPHP\vendor\shop\core\Db.php | –°—Ç—Ä–æ–∫–∞: 19
~~~~~~~~~~~~~~~~~~~~~~~
[2023-08-17 15:16:03] –¢–µ–∫—Å—Ç –æ—à–∏–±–∫–∏: SQLSTATE[42000]: Syntax error or access violation: 1064 You have an error in your SQL syntax; check the manual that corresponds to your MySQL server version for the right syntax to use near 'order' at line 1 | –§–∞–π–ª: C:\Program Files\Ampps\www\LuxuryWatchesPHP\vendor\shop\core\Db.php | –°—Ç—Ä–æ–∫–∞: 19
~~~~~~~~~~~~~~~~~~~~~~~
[2023-08-17 15:19:05] –¢–µ–∫—Å—Ç –æ—à–∏–±–∫–∏: SQLSTATE[42000]: Syntax error or access violation: 1064 You have an error in your SQL syntax; check the manual that corresponds to your MySQL server version for the right syntax to use near 'order' at line 1 | –§–∞–π–ª: C:\Program Files\Ampps\www\LuxuryWatchesPHP\vendor\shop\core\Db.php | –°—Ç—Ä–æ–∫–∞: 19
~~~~~~~~~~~~~~~~~~~~~~~
[2023-08-17 15:20:54] –¢–µ–∫—Å—Ç –æ—à–∏–±–∫–∏: SQLSTATE[42000]: Syntax error or access violation: 1064 You have an error in your SQL syntax; check the manual that corresponds to your MySQL server version for the right syntax to use near 'order' at line 1 | –§–∞–π–ª: C:\Program Files\Ampps\www\LuxuryWatchesPHP\vendor\shop\core\Db.php | –°—Ç—Ä–æ–∫–∞: 19
~~~~~~~~~~~~~~~~~~~~~~~
[2023-08-17 15:20:56] –¢–µ–∫—Å—Ç –æ—à–∏–±–∫–∏: SQLSTATE[42000]: Syntax error or access violation: 1064 You have an error in your SQL syntax; check the manual that corresponds to your MySQL server version for the right syntax to use near 'order' at line 1 | –§–∞–π–ª: C:\Program Files\Ampps\www\LuxuryWatchesPHP\vendor\shop\core\Db.php | –°—Ç—Ä–æ–∫–∞: 19
~~~~~~~~~~~~~~~~~~~~~~~
[2023-08-17 15:24:27] –¢–µ–∫—Å—Ç –æ—à–∏–±–∫–∏: SQLSTATE[42000]: Syntax error or access violation: 1064 You have an error in your SQL syntax; check the manual that corresponds to your MySQL server version for the right syntax to use near 'order' at line 1 | –§–∞–π–ª: C:\Program Files\Ampps\www\LuxuryWatchesPHP\vendor\shop\core\Db.php | –°—Ç—Ä–æ–∫–∞: 19
~~~~~~~~~~~~~~~~~~~~~~~
[2023-08-17 15:25:06] –¢–µ–∫—Å—Ç –æ—à–∏–±–∫–∏: SQLSTATE[42000]: Syntax error or access violation: 1064 You have an error in your SQL syntax; check the manual that corresponds to your MySQL server version for the right syntax to use near 'order' at line 1 | –§–∞–π–ª: C:\Program Files\Ampps\www\LuxuryWatchesPHP\vendor\shop\core\Db.php | –°—Ç—Ä–æ–∫–∞: 19
~~~~~~~~~~~~~~~~~~~~~~~
[2023-08-17 15:25:07] –¢–µ–∫—Å—Ç –æ—à–∏–±–∫–∏: SQLSTATE[42000]: Syntax error or access violation: 1064 You have an error in your SQL syntax; check the manual that corresponds to your MySQL server version for the right syntax to use near 'order' at line 1 | –§–∞–π–ª: C:\Program Files\Ampps\www\LuxuryWatchesPHP\vendor\shop\core\Db.php | –°—Ç—Ä–æ–∫–∞: 19
~~~~~~~~~~~~~~~~~~~~~~~
[2023-08-17 15:25:14] –¢–µ–∫—Å—Ç –æ—à–∏–±–∫–∏: SQLSTATE[42000]: Syntax error or access violation: 1064 You have an error in your SQL syntax; check the manual that corresponds to your MySQL server version for the right syntax to use near 'order' at line 1 | –§–∞–π–ª: C:\Program Files\Ampps\www\LuxuryWatchesPHP\vendor\shop\core\Db.php | –°—Ç—Ä–æ–∫–∞: 19
~~~~~~~~~~~~~~~~~~~~~~~
[2023-08-17 15:25:19] –¢–µ–∫—Å—Ç –æ—à–∏–±–∫–∏: SQLSTATE[42000]: Syntax error or access violation: 1064 You have an error in your SQL syntax; check the manual that corresponds to your MySQL server version for the right syntax to use near 'order' at line 1 | –§–∞–π–ª: C:\Program Files\Ampps\www\LuxuryWatchesPHP\vendor\shop\core\Db.php | –°—Ç—Ä–æ–∫–∞: 19
~~~~~~~~~~~~~~~~~~~~~~~
[2023-08-17 15:25:23] –¢–µ–∫—Å—Ç –æ—à–∏–±–∫–∏: SQLSTATE[42000]: Syntax error or access violation: 1064 You have an error in your SQL syntax; check the manual that corresponds to your MySQL server version for the right syntax to use near 'order' at line 1 | –§–∞–π–ª: C:\Program Files\Ampps\www\LuxuryWatchesPHP\vendor\shop\core\Db.php | –°—Ç—Ä–æ–∫–∞: 19
~~~~~~~~~~~~~~~~~~~~~~~
[2023-08-17 15:25:33] –¢–µ–∫—Å—Ç –æ—à–∏–±–∫–∏: SQLSTATE[42000]: Syntax error or access violation: 1064 You have an error in your SQL syntax; check the manual that corresponds to your MySQL server version for the right syntax to use near 'order' at line 1 | –§–∞–π–ª: C:\Program Files\Ampps\www\LuxuryWatchesPHP\vendor\shop\core\Db.php | –°—Ç—Ä–æ–∫–∞: 19
~~~~~~~~~~~~~~~~~~~~~~~
[2023-08-17 15:25:34] –¢–µ–∫—Å—Ç –æ—à–∏–±–∫–∏: SQLSTATE[42000]: Syntax error or access violation: 1064 You have an error in your SQL syntax; check the manual that corresponds to your MySQL server version for the right syntax to use near 'order' at line 1 | –§–∞–π–ª: C:\Program Files\Ampps\www\LuxuryWatchesPHP\vendor\shop\core\Db.php | –°—Ç—Ä–æ–∫–∞: 19
~~~~~~~~~~~~~~~~~~~~~~~
[2023-08-17 15:30:37] –¢–µ–∫—Å—Ç –æ—à–∏–±–∫–∏: syntax error, unexpected ')' | –§–∞–π–ª: C:\Program Files\Ampps\www\LuxuryWatchesPHP\app\views\admin\Order\index.php | –°—Ç—Ä–æ–∫–∞: 47
~~~~~~~~~~~~~~~~~~~~~~~
[2023-08-17 15:35:45] –¢–µ–∫—Å—Ç –æ—à–∏–±–∫–∏: SQLSTATE[42000]: Syntax error or access violation: 1055 Expression #8 of SELECT list is not in GROUP BY clause and contains nonaggregated column 'watches_shop.order_product.qty' which is not functionally dependent on columns in GROUP BY clause; this is incompatible with sql_mode=only_full_group_by | –§–∞–π–ª: C:\Program Files\Ampps\www\LuxuryWatchesPHP\vendor\shop\core\Db.php | –°—Ç—Ä–æ–∫–∞: 19
~~~~~~~~~~~~~~~~~~~~~~~
[2023-08-17 15:43:19] –¢–µ–∫—Å—Ç –æ—à–∏–±–∫–∏: syntax error, unexpected '$k' (T_VARIABLE), expecting ';' or ',' | –§–∞–π–ª: C:\Program Files\Ampps\www\LuxuryWatchesPHP\app\views\admin\Order\index.php | –°—Ç—Ä–æ–∫–∞: 52
~~~~~~~~~~~~~~~~~~~~~~~
[2023-08-18 08:13:41] –¢–µ–∫—Å—Ç –æ—à–∏–±–∫–∏: Controller app\controllers\admin\ProductController not found | –§–∞–π–ª: C:\Program Files\Ampps\www\LuxuryWatchesPHP\vendor\shop\core\router.php | –°—Ç—Ä–æ–∫–∞: 30
~~~~~~~~~~~~~~~~~~~~~~~
[2023-08-18 08:13:53] –¢–µ–∫—Å—Ç –æ—à–∏–±–∫–∏: Controller app\controllers\admin\ProductController not found | –§–∞–π–ª: C:\Program Files\Ampps\www\LuxuryWatchesPHP\vendor\shop\core\router.php | –°—Ç—Ä–æ–∫–∞: 30
~~~~~~~~~~~~~~~~~~~~~~~
[2023-08-18 11:22:59] –¢–µ–∫—Å—Ç –æ—à–∏–±–∫–∏: Method app\controllers\admin\CategoryController::editAction not found | –§–∞–π–ª: C:\Program Files\Ampps\www\LuxuryWatchesPHP\vendor\shop\core\router.php | –°—Ç—Ä–æ–∫–∞: 27
~~~~~~~~~~~~~~~~~~~~~~~
[2023-08-18 11:27:22] –¢–µ–∫—Å—Ç –æ—à–∏–±–∫–∏: Method app\controllers\admin\CategoryController::editAction not found | –§–∞–π–ª: C:\Program Files\Ampps\www\LuxuryWatchesPHP\vendor\shop\core\router.php | –°—Ç—Ä–æ–∫–∞: 27
~~~~~~~~~~~~~~~~~~~~~~~
[2023-08-18 11:27:27] –¢–µ–∫—Å—Ç –æ—à–∏–±–∫–∏: Method app\controllers\admin\CategoryController::editAction not found | –§–∞–π–ª: C:\Program Files\Ampps\www\LuxuryWatchesPHP\vendor\shop\core\router.php | –°—Ç—Ä–æ–∫–∞: 27
~~~~~~~~~~~~~~~~~~~~~~~
[2023-08-18 11:36:29] –¢–µ–∫—Å—Ç –æ—à–∏–±–∫–∏: Method app\controllers\admin\CategoryController::editAction not found | –§–∞–π–ª: C:\Program Files\Ampps\www\LuxuryWatchesPHP\vendor\shop\core\router.php | –°—Ç—Ä–æ–∫–∞: 27
~~~~~~~~~~~~~~~~~~~~~~~
[2023-08-18 11:43:51] –¢–µ–∫—Å—Ç –æ—à–∏–±–∫–∏: –ù–∞ –Ω–∞–π–¥–µ–Ω –≤–∏–¥ C:\Program Files\Ampps\www\LuxuryWatchesPHP/app/views/admin\Category/delete.php | –§–∞–π–ª: C:\Program Files\Ampps\www\LuxuryWatchesPHP\vendor\shop\core\base\View.php | –°—Ç—Ä–æ–∫–∞: 32
~~~~~~~~~~~~~~~~~~~~~~~
[2023-08-18 11:51:15] –¢–µ–∫—Å—Ç –æ—à–∏–±–∫–∏: syntax error, unexpected ')', expecting '|' or variable (T_VARIABLE) | –§–∞–π–ª: C:\Program Files\Ampps\www\LuxuryWatchesPHP\app\controllers\admin\CategoryController.php | –°—Ç—Ä–æ–∫–∞: 30
~~~~~~~~~~~~~~~~~~~~~~~
[2023-08-19 08:49:58] –¢–µ–∫—Å—Ç –æ—à–∏–±–∫–∏: Method app\controllers\admin\CategoryController::addAction not found | –§–∞–π–ª: C:\Program Files\Ampps\www\LuxuryWatchesPHP\vendor\shop\core\router.php | –°—Ç—Ä–æ–∫–∞: 27
~~~~~~~~~~~~~~~~~~~~~~~
[2023-08-19 08:58:23] –¢–µ–∫—Å—Ç –æ—à–∏–±–∫–∏: Method app\controllers\admin\CategoryController::addAction not found | –§–∞–π–ª: C:\Program Files\Ampps\www\LuxuryWatchesPHP\vendor\shop\core\router.php | –°—Ç—Ä–æ–∫–∞: 27
~~~~~~~~~~~~~~~~~~~~~~~
[2023-08-19 08:58:29] –¢–µ–∫—Å—Ç –æ—à–∏–±–∫–∏: Controller app\controllers\admin\ProductController not found | –§–∞–π–ª: C:\Program Files\Ampps\www\LuxuryWatchesPHP\vendor\shop\core\router.php | –°—Ç—Ä–æ–∫–∞: 30
~~~~~~~~~~~~~~~~~~~~~~~
[2023-08-19 08:58:37] –¢–µ–∫—Å—Ç –æ—à–∏–±–∫–∏: Controller app\controllers\admin\CacheController not found | –§–∞–π–ª: C:\Program Files\Ampps\www\LuxuryWatchesPHP\vendor\shop\core\router.php | –°—Ç—Ä–æ–∫–∞: 30
~~~~~~~~~~~~~~~~~~~~~~~
[2023-08-19 08:58:47] –¢–µ–∫—Å—Ç –æ—à–∏–±–∫–∏: Method app\controllers\admin\UserController::addAction not found | –§–∞–π–ª: C:\Program Files\Ampps\www\LuxuryWatchesPHP\vendor\shop\core\router.php | –°—Ç—Ä–æ–∫–∞: 27
~~~~~~~~~~~~~~~~~~~~~~~
[2023-08-19 10:47:27] –¢–µ–∫—Å—Ç –æ—à–∏–±–∫–∏: Page not found | –§–∞–π–ª: C:\Program Files\Ampps\www\LuxuryWatchesPHP\vendor\shop\core\router.php | –°—Ç—Ä–æ–∫–∞: 33
~~~~~~~~~~~~~~~~~~~~~~~
[2023-08-19 10:49:07] –¢–µ–∫—Å—Ç –æ—à–∏–±–∫–∏: Page not found | –§–∞–π–ª: C:\Program Files\Ampps\www\LuxuryWatchesPHP\vendor\shop\core\router.php | –°—Ç—Ä–æ–∫–∞: 33
~~~~~~~~~~~~~~~~~~~~~~~
[2023-08-19 17:59:48] –¢–µ–∫—Å—Ç –æ—à–∏–±–∫–∏: Controller app\controllers\admin\CacheController not found | –§–∞–π–ª: C:\Program Files\Ampps\www\LuxuryWatchesPHP\vendor\shop\core\router.php | –°—Ç—Ä–æ–∫–∞: 30
~~~~~~~~~~~~~~~~~~~~~~~
[2023-08-19 18:00:13] –¢–µ–∫—Å—Ç –æ—à–∏–±–∫–∏: Method app\controllers\admin\UserController::indexAction not found | –§–∞–π–ª: C:\Program Files\Ampps\www\LuxuryWatchesPHP\vendor\shop\core\router.php | –°—Ç—Ä–æ–∫–∞: 27
~~~~~~~~~~~~~~~~~~~~~~~
[2023-08-19 18:01:10] –¢–µ–∫—Å—Ç –æ—à–∏–±–∫–∏: Method app\controllers\admin\UserController::indexAction not found | –§–∞–π–ª: C:\Program Files\Ampps\www\LuxuryWatchesPHP\vendor\shop\core\router.php | –°—Ç—Ä–æ–∫–∞: 27
~~~~~~~~~~~~~~~~~~~~~~~
